
*** Imported 5 new test cases from: ./afl_out/queue

[+] AFL test case: id:000000,orig:small_exec.elf (0 / 5), cycle: 0
    Non-zero exit status '1' for CMD: ./binutils/readelf  ./afl_out/queue/id:000000,orig:small_exec.elf
用法：readelf <选项> elf-文件
 显示关于 ELF 格式文件内容的信息
 Options are:
  -a --all               Equivalent to: -h -l -S -s -r -d -V -A -I
  -h --file-header       Display the ELF file header
  -l --program-headers   Display the program headers
     --segments          An alias for --program-headers
  -S --section-headers   Display the sections' header
     --sections          An alias for --section-headers
  -g --section-groups    Display the section groups
  -t --section-details   Display the section details
  -e --headers           Equivalent to: -h -l -S
  -s --syms              Display the symbol table
     --symbols           An alias for --syms
  --dyn-syms             Display the dynamic symbol table
  -n --notes             Display the core notes (if present)
  -r --relocs            Display the relocations (if present)
  -u --unwind            Display the unwind info (if present)
  -d --dynamic           Display the dynamic section (if present)
  -V --version-info      Display the version sections (if present)
  -A --arch-specific     Display architecture specific information (if any)
  -c --archive-index     Display the symbol/file index in an archive
  -D --use-dynamic       Use the dynamic section info when displaying symbols
  -x --hex-dump=<number|name>
                         Dump the contents of section <number|name> as bytes
  -p --string-dump=<number|name>
                         Dump the contents of section <number|name> as strings
  -R --relocated-dump=<number|name>
                         Dump the contents of section <number|name> as relocated bytes
  -z --decompress        Decompress section before dumping it
  -w[lLiaprmfFsoRtUuTgAckK] or
  --debug-dump[=rawline,=decodedline,=info,=abbrev,=pubnames,=aranges,=macro,=frames,
               =frames-interp,=str,=loc,=Ranges,=pubtypes,
               =gdb_index,=trace_info,=trace_abbrev,=trace_aranges,
               =addr,=cu_index,=links,=follow-links]
                         Display the contents of DWARF debug sections
  --dwarf-depth=N        Do not display DIEs at depth N or greater
  --dwarf-start=N        Display DIEs starting with N, at the same depth
                         or deeper
  -I --histogram         Display histogram of bucket list lengths
  -W --wide              Allow output width to exceed 80 characters
  @<file>                Read options from <file>
  -H --help              Display this information
  -v --version           Display the version number of readelf
    lines......: 0.5% (183 of 35340 lines)
    functions..: 1.1% (12 of 1067 functions)

    Coverage diff (init) id:000000,orig:small_exec.elf
diff (init) -> id:000000,orig:small_exec.elf
New src file: /home/zt/copy/binutils_fuzz_output/binutils/elfcomm.c
  New 'function' coverage: byte_get_little_endian()
  New 'function' coverage: error()
  New 'line' coverage: 131
  New 'line' coverage: 133
  New 'line' coverage: 138
  New 'line' coverage: 139
  New 'line' coverage: 140
  New 'line' coverage: 147
  New 'line' coverage: 148
  New 'line' coverage: 149
  New 'line' coverage: 150
  New 'line' coverage: 151
  New 'line' coverage: 34
  New 'line' coverage: 39
  New 'line' coverage: 41
  New 'line' coverage: 42
  New 'line' coverage: 43
  New 'line' coverage: 44
  New 'line' coverage: 45
New src file: /home/zt/copy/binutils_fuzz_output/binutils/dwarf.c
  New 'function' coverage: cmalloc()
  New 'line' coverage: 9570
  New 'line' coverage: 9573
  New 'line' coverage: 9576
New src file: /home/zt/copy/binutils_fuzz_output/binutils/readelf.c
  New 'function' coverage: get_32bit_section_headers()
  New 'function' coverage: get_data()
  New 'function' coverage: get_file_header()
  New 'function' coverage: main()
  New 'function' coverage: parse_args()
  New 'function' coverage: process_file()
  New 'function' coverage: process_file_header()
  New 'function' coverage: process_object()
  New 'function' coverage: usage()
  New 'line' coverage: 19031
  New 'line' coverage: 19034
  New 'line' coverage: 19038
  New 'line' coverage: 19040
  New 'line' coverage: 19043
  New 'line' coverage: 19044
  New 'line' coverage: 19045
  New 'line' coverage: 19053
  New 'line' coverage: 19056
  New 'line' coverage: 19060
  New 'line' coverage: 19063
  New 'line' coverage: 19064
  New 'line' coverage: 19065
  New 'line' coverage: 19066
  New 'line' coverage: 19067
  New 'line' coverage: 19068
  New 'line' coverage: 19069
  New 'line' coverage: 19070
  New 'line' coverage: 19071
  New 'line' coverage: 19072
  New 'line' coverage: 19073
  New 'line' coverage: 19074
  New 'line' coverage: 19075
  New 'line' coverage: 19110
  New 'line' coverage: 19114
  New 'line' coverage: 19115
  New 'line' coverage: 19120
  New 'line' coverage: 19202
  New 'line' coverage: 19206
  New 'line' coverage: 19208
  New 'line' coverage: 19215
  New 'line' coverage: 19216
  New 'line' coverage: 19218
  New 'line' coverage: 19219
  New 'line' coverage: 19220
  New 'line' coverage: 19223
  New 'line' coverage: 19230
  New 'line' coverage: 19233
  New 'line' coverage: 19244
  New 'line' coverage: 19245
  New 'line' coverage: 19640
  New 'line' coverage: 19642
  New 'line' coverage: 19645
  New 'line' coverage: 19647
  New 'line' coverage: 19657
  New 'line' coverage: 19663
  New 'line' coverage: 19664
  New 'line' coverage: 19670
  New 'line' coverage: 19671
  New 'line' coverage: 19672
  New 'line' coverage: 19679
  New 'line' coverage: 19687
  New 'line' coverage: 19689
  New 'line' coverage: 19694
  New 'line' coverage: 19701
  New 'line' coverage: 19705
  New 'line' coverage: 19706
  New 'line' coverage: 19708
  New 'line' coverage: 19709
  New 'line' coverage: 19712
  New 'line' coverage: 19713
  New 'line' coverage: 19715
  New 'line' coverage: 19739
  New 'line' coverage: 19744
  New 'line' coverage: 19747
  New 'line' coverage: 19749
  New 'line' coverage: 19750
  New 'line' coverage: 19752
  New 'line' coverage: 19754
  New 'line' coverage: 19755
  New 'line' coverage: 19757
  New 'line' coverage: 19759
  New 'line' coverage: 19765
  New 'line' coverage: 19766
  New 'line' coverage: 19767
  New 'line' coverage: 19768
  New 'line' coverage: 19770
  New 'line' coverage: 19773
  New 'line' coverage: 364
  New 'line' coverage: 372
  New 'line' coverage: 374
  New 'line' coverage: 392
  New 'line' coverage: 403
  New 'line' coverage: 404
  New 'line' coverage: 406
  New 'line' coverage: 409
  New 'line' coverage: 412
  New 'line' coverage: 420
  New 'line' coverage: 421
  New 'line' coverage: 424
  New 'line' coverage: 426
  New 'line' coverage: 428
  New 'line' coverage: 436
  New 'line' coverage: 439
  New 'line' coverage: 4419
  New 'line' coverage: 4421
  New 'line' coverage: 4422
  New 'line' coverage: 4423
  New 'line' coverage: 4457
  New 'line' coverage: 4466
  New 'line' coverage: 4473
  New 'line' coverage: 4476
  New 'line' coverage: 449
  New 'line' coverage: 4554
  New 'line' coverage: 4558
  New 'line' coverage: 4561
  New 'line' coverage: 4564
  New 'line' coverage: 4573
  New 'line' coverage: 4574
  New 'line' coverage: 4575
  New 'line' coverage: 4576
  New 'line' coverage: 4577
  New 'line' coverage: 4578
  New 'line' coverage: 4579
  New 'line' coverage: 4580
  New 'line' coverage: 4581
  New 'line' coverage: 4582
  New 'line' coverage: 4583
  New 'line' coverage: 4584
  New 'line' coverage: 4585
  New 'line' coverage: 4586
  New 'line' coverage: 4714
  New 'line' coverage: 4715
  New 'line' coverage: 4716
  New 'line' coverage: 4717
  New 'line' coverage: 4718
  New 'line' coverage: 4719
  New 'line' coverage: 4720
  New 'line' coverage: 4757
  New 'line' coverage: 4759
  New 'line' coverage: 4761
  New 'line' coverage: 4766
  New 'line' coverage: 4767
  New 'line' coverage: 4768
  New 'line' coverage: 5337
  New 'line' coverage: 5342
  New 'line' coverage: 5343
  New 'line' coverage: 5346
  New 'line' coverage: 5348
  New 'line' coverage: 5354
  New 'line' coverage: 5357
  New 'line' coverage: 5360
  New 'line' coverage: 5361
  New 'line' coverage: 5363
  New 'line' coverage: 5364
  New 'line' coverage: 5365
  New 'line' coverage: 5366
  New 'line' coverage: 5374
  New 'line' coverage: 5376
  New 'line' coverage: 5378
  New 'line' coverage: 5379
  New 'line' coverage: 5380
  New 'line' coverage: 5381
  New 'line' coverage: 5382
  New 'line' coverage: 5383
  New 'line' coverage: 5384
  New 'line' coverage: 5385
  New 'line' coverage: 5386
  New 'line' coverage: 5387
  New 'line' coverage: 5388
  New 'line' coverage: 5390
  New 'line' coverage: 5394
  New 'line' coverage: 5395



++++++ BEGIN - first exec output for CMD: ./binutils/readelf  ./afl_out/queue/id:000000,orig:small_exec.elf
    用法：readelf <选项> elf-文件
     显示关于 ELF 格式文件内容的信息
     Options are:
      -a --all               Equivalent to: -h -l -S -s -r -d -V -A -I
      -h --file-header       Display the ELF file header
      -l --program-headers   Display the program headers
         --segments          An alias for --program-headers
      -S --section-headers   Display the sections' header
         --sections          An alias for --section-headers
      -g --section-groups    Display the section groups
      -t --section-details   Display the section details
      -e --headers           Equivalent to: -h -l -S
      -s --syms              Display the symbol table
         --symbols           An alias for --syms
      --dyn-syms             Display the dynamic symbol table
      -n --notes             Display the core notes (if present)
      -r --relocs            Display the relocations (if present)
      -u --unwind            Display the unwind info (if present)
      -d --dynamic           Display the dynamic section (if present)
      -V --version-info      Display the version sections (if present)
      -A --arch-specific     Display architecture specific information (if any)
      -c --archive-index     Display the symbol/file index in an archive
      -D --use-dynamic       Use the dynamic section info when displaying symbols
      -x --hex-dump=<number|name>
                             Dump the contents of section <number|name> as bytes
      -p --string-dump=<number|name>
                             Dump the contents of section <number|name> as strings
      -R --relocated-dump=<number|name>
                             Dump the contents of section <number|name> as relocated bytes
      -z --decompress        Decompress section before dumping it
      -w[lLiaprmfFsoRtUuTgAckK] or
      --debug-dump[=rawline,=decodedline,=info,=abbrev,=pubnames,=aranges,=macro,=frames,
                   =frames-interp,=str,=loc,=Ranges,=pubtypes,
                   =gdb_index,=trace_info,=trace_abbrev,=trace_aranges,
                   =addr,=cu_index,=links,=follow-links]
                             Display the contents of DWARF debug sections
      --dwarf-depth=N        Do not display DIEs at depth N or greater
      --dwarf-start=N        Display DIEs starting with N, at the same depth
                             or deeper
      -I --histogram         Display histogram of bucket list lengths
      -W --wide              Allow output width to exceed 80 characters
      @<file>                Read options from <file>
      -H --help              Display this information
      -v --version           Display the version number of readelf
++++++ END

[+] AFL test case: id:000001,orig:test (1 / 5), cycle: 0
    lines......: 0.5% (185 of 35340 lines)
    functions..: 1.1% (12 of 1067 functions)

    Coverage diff id:000000,orig:small_exec.elf id:000001,orig:test
diff id:000000,orig:small_exec.elf -> id:000001,orig:test
Src file: /home/zt/copy/binutils_fuzz_output/binutils/readelf.c
  New 'line' coverage: 5350
  New 'line' coverage: 5352

[+] AFL test case: id:000002,src:000000,op:flip1,pos:0 (2 / 5), cycle: 0
    lines......: 0.5% (185 of 35340 lines)
    functions..: 1.1% (12 of 1067 functions)
[+] AFL test case: id:000003,src:000000,op:flip1,pos:28 (3 / 5), cycle: 0
    lines......: 0.7% (230 of 35340 lines)
    functions..: 1.3% (14 of 1067 functions)

    Coverage diff id:000002,src:000000,op:flip1,pos:0 id:000003,src:000000,op:flip1,pos:28
diff id:000002,src:000000,op:flip1,pos:0 -> id:000003,src:000000,op:flip1,pos:28
Src file: /home/zt/copy/binutils_fuzz_output/binutils/elfcomm.c
  New 'function' coverage: byte_get_big_endian()
  New 'line' coverage: 209
  New 'line' coverage: 210
  New 'line' coverage: 211
  New 'line' coverage: 212
  New 'line' coverage: 213
  New 'line' coverage: 214
  New 'line' coverage: 215
  New 'line' coverage: 216
  New 'line' coverage: 234
  New 'line' coverage: 236
  New 'line' coverage: 241
  New 'line' coverage: 242
  New 'line' coverage: 249
  New 'line' coverage: 250
  New 'line' coverage: 251
  New 'line' coverage: 252
  New 'line' coverage: 253
Src file: /home/zt/copy/binutils_fuzz_output/binutils/readelf.c
  New 'function' coverage: get_64bit_section_headers()
  New 'line' coverage: 19046
  New 'line' coverage: 19047
  New 'line' coverage: 19048
  New 'line' coverage: 19049
  New 'line' coverage: 19092
  New 'line' coverage: 19095
  New 'line' coverage: 19096
  New 'line' coverage: 19097
  New 'line' coverage: 19098
  New 'line' coverage: 19099
  New 'line' coverage: 19100
  New 'line' coverage: 19101
  New 'line' coverage: 19102
  New 'line' coverage: 19103
  New 'line' coverage: 19104
  New 'line' coverage: 19105
  New 'line' coverage: 19106
  New 'line' coverage: 19107
  New 'line' coverage: 19117
  New 'line' coverage: 4762
  New 'line' coverage: 5347
  New 'line' coverage: 5401
  New 'line' coverage: 5406
  New 'line' coverage: 5407
  New 'line' coverage: 5410
  New 'line' coverage: 5413
  New 'line' coverage: 5415
  New 'line' coverage: 5417

[+] AFL test case: id:000004,src:000000,op:flip1,pos:44 (4 / 5), cycle: 0
    lines......: 2.3% (815 of 35340 lines)
    functions..: 4.8% (51 of 1067 functions)

    Coverage diff id:000003,src:000000,op:flip1,pos:28 id:000004,src:000000,op:flip1,pos:44
diff id:000003,src:000000,op:flip1,pos:28 -> id:000004,src:000000,op:flip1,pos:44
Src file: /home/zt/copy/binutils_fuzz_output/binutils/elfcomm.c
  New 'function' coverage: warn()
  New 'line' coverage: 48
  New 'line' coverage: 53
  New 'line' coverage: 55
  New 'line' coverage: 56
  New 'line' coverage: 57
  New 'line' coverage: 58
  New 'line' coverage: 59
Src file: /home/zt/copy/binutils_fuzz_output/binutils/dwarf.c
  New 'function' coverage: free_abbrevs()
  New 'function' coverage: free_debug_memory()
  New 'function' coverage: init_dwarf_regnames()
  New 'function' coverage: init_dwarf_regnames_i386()
  New 'function' coverage: load_separate_debug_file()
  New 'line' coverage: 10003
  New 'line' coverage: 10006
  New 'line' coverage: 10007
  New 'line' coverage: 10079
  New 'line' coverage: 10083
  New 'line' coverage: 10085
  New 'line' coverage: 10086
  New 'line' coverage: 10088
  New 'line' coverage: 10108
  New 'line' coverage: 10116
  New 'line' coverage: 7043
  New 'line' coverage: 7045
  New 'line' coverage: 7046
  New 'line' coverage: 7047
  New 'line' coverage: 7164
  New 'line' coverage: 7166
  New 'line' coverage: 7168
  New 'line' coverage: 7169
  New 'line' coverage: 7170
  New 'line' coverage: 7194
  New 'line' coverage: 7195
  New 'line' coverage: 7197
  New 'line' coverage: 839
  New 'line' coverage: 843
  New 'line' coverage: 860
  New 'line' coverage: 861
Src file: /home/zt/copy/binutils_fuzz_output/binutils/readelf.c
  New 'function' coverage: bfd_vmatoa()
  New 'function' coverage: free_debug_section()
  New 'function' coverage: get_32bit_program_headers()
  New 'function' coverage: get_data_encoding()
  New 'function' coverage: get_elf_class()
  New 'function' coverage: get_elf_section_flags()
  New 'function' coverage: get_file_type()
  New 'function' coverage: get_machine_flags()
  New 'function' coverage: get_machine_name()
  New 'function' coverage: get_osabi_name()
  New 'function' coverage: get_program_headers()
  New 'function' coverage: get_section_type_name()
  New 'function' coverage: get_segment_type()
  New 'function' coverage: print_symbol()
  New 'function' coverage: print_vma()
  New 'function' coverage: process_arch_specific()
  New 'function' coverage: process_attributes()
  New 'function' coverage: process_corefile_note_segments()
  New 'function' coverage: process_dynamic_section()
  New 'function' coverage: process_gnu_liblist()
  New 'function' coverage: process_note_sections()
  New 'function' coverage: process_notes()
  New 'function' coverage: process_program_headers()
  New 'function' coverage: process_relocs()
  New 'function' coverage: process_section_contents()
  New 'function' coverage: process_section_groups()
  New 'function' coverage: process_section_headers()
  New 'function' coverage: process_symbol_table()
  New 'function' coverage: process_syminfo()
  New 'function' coverage: process_unwind()
  New 'function' coverage: process_version_sections()
  New 'line' coverage: 10417
  New 'line' coverage: 10421
  New 'line' coverage: 10423
  New 'line' coverage: 10424
  New 'line' coverage: 10426
  New 'line' coverage: 10427
  New 'line' coverage: 10428
  New 'line' coverage: 10430
  New 'line' coverage: 10934
  New 'line' coverage: 10935
  New 'line' coverage: 10939
  New 'line' coverage: 10940
  New 'line' coverage: 10942
  New 'line' coverage: 11518
  New 'line' coverage: 11521
  New 'line' coverage: 11522
  New 'line' coverage: 11523
  New 'line' coverage: 11524
  New 'line' coverage: 11525
  New 'line' coverage: 11526
  New 'line' coverage: 11527
  New 'line' coverage: 11528
  New 'line' coverage: 11529
  New 'line' coverage: 11531
  New 'line' coverage: 11534
  New 'line' coverage: 11592
  New 'line' coverage: 11704
  New 'line' coverage: 11764
  New 'line' coverage: 11765
  New 'line' coverage: 11766
  New 'line' coverage: 11769
  New 'line' coverage: 11770
  New 'line' coverage: 11771
  New 'line' coverage: 11774
  New 'line' coverage: 11775
  New 'line' coverage: 11780
  New 'line' coverage: 11781
  New 'line' coverage: 11784
  New 'line' coverage: 11887
  New 'line' coverage: 11891
  New 'line' coverage: 11965
  New 'line' coverage: 11971
  New 'line' coverage: 12043
  New 'line' coverage: 12047
  New 'line' coverage: 12051
  New 'line' coverage: 12054
  New 'line' coverage: 13874
  New 'line' coverage: 13876
  New 'line' coverage: 13878
  New 'line' coverage: 13879
  New 'line' coverage: 13992
  New 'line' coverage: 13996
  New 'line' coverage: 13998
  New 'line' coverage: 13999
  New 'line' coverage: 15461
  New 'line' coverage: 15469
  New 'line' coverage: 15472
  New 'line' coverage: 15473
  New 'line' coverage: 15474
  New 'line' coverage: 15479
  New 'line' coverage: 15480
  New 'line' coverage: 15663
  New 'line' coverage: 16727
  New 'line' coverage: 16737
  New 'line' coverage: 16739
  New 'line' coverage: 16740
  New 'line' coverage: 16742
  New 'line' coverage: 16743
  New 'line' coverage: 16744
  New 'line' coverage: 16746
  New 'line' coverage: 16819
  New 'line' coverage: 16821
  New 'line' coverage: 18778
  New 'line' coverage: 18782
  New 'line' coverage: 18784
  New 'line' coverage: 18785
  New 'line' coverage: 18787
  New 'line' coverage: 18788
  New 'line' coverage: 18789
  New 'line' coverage: 18791
  New 'line' coverage: 18799
  New 'line' coverage: 18884
  New 'line' coverage: 18888
  New 'line' coverage: 18889
  New 'line' coverage: 18891
  New 'line' coverage: 18892
  New 'line' coverage: 18893
  New 'line' coverage: 18895
  New 'line' coverage: 18905
  New 'line' coverage: 18906
  New 'line' coverage: 18907
  New 'line' coverage: 18918
  New 'line' coverage: 18920
  New 'line' coverage: 18926
  New 'line' coverage: 18929
  New 'line' coverage: 18932
  New 'line' coverage: 18933
  New 'line' coverage: 18967
  New 'line' coverage: 18969
  New 'line' coverage: 18970
  New 'line' coverage: 18972
  New 'line' coverage: 19023
  New 'line' coverage: 19024
  New 'line' coverage: 19035
  New 'line' coverage: 19061
  New 'line' coverage: 19210
  New 'line' coverage: 19211
  New 'line' coverage: 19247
  New 'line' coverage: 19250
  New 'line' coverage: 19252
  New 'line' coverage: 19253
  New 'line' coverage: 19256
  New 'line' coverage: 19258
  New 'line' coverage: 19260
  New 'line' coverage: 19261
  New 'line' coverage: 19263
  New 'line' coverage: 19265
  New 'line' coverage: 19268
  New 'line' coverage: 19271
  New 'line' coverage: 19274
  New 'line' coverage: 19277
  New 'line' coverage: 19280
  New 'line' coverage: 19281
  New 'line' coverage: 19283
  New 'line' coverage: 19285
  New 'line' coverage: 19288
  New 'line' coverage: 19296
  New 'line' coverage: 19299
  New 'line' coverage: 19302
  New 'line' coverage: 19305
  New 'line' coverage: 19306
  New 'line' coverage: 19308
  New 'line' coverage: 19309
  New 'line' coverage: 19311
  New 'line' coverage: 19312
  New 'line' coverage: 19313
  New 'line' coverage: 19315
  New 'line' coverage: 19322
  New 'line' coverage: 19329
  New 'line' coverage: 19335
  New 'line' coverage: 19341
  New 'line' coverage: 19343
  New 'line' coverage: 19344
  New 'line' coverage: 19347
  New 'line' coverage: 19365
  New 'line' coverage: 19367
  New 'line' coverage: 19681
  New 'line' coverage: 19682
  New 'line' coverage: 19683
  New 'line' coverage: 19684
  New 'line' coverage: 2249
  New 'line' coverage: 2253
  New 'line' coverage: 2257
  New 'line' coverage: 2261
  New 'line' coverage: 2262
  New 'line' coverage: 2264
  New 'line' coverage: 2267
  New 'line' coverage: 2268
  New 'line' coverage: 2273
  New 'line' coverage: 2277
  New 'line' coverage: 2284
  New 'line' coverage: 2512
  New 'line' coverage: 2513
  New 'line' coverage: 2514
  New 'line' coverage: 3077
  New 'line' coverage: 3081
  New 'line' coverage: 3083
  New 'line' coverage: 3085
  New 'line' coverage: 3087
  New 'line' coverage: 3088
  New 'line' coverage: 335
  New 'line' coverage: 347
  New 'line' coverage: 348
  New 'line' coverage: 350
  New 'line' coverage: 351
  New 'line' coverage: 352
  New 'line' coverage: 3734
  New 'line' coverage: 3738
  New 'line' coverage: 3742
  New 'line' coverage: 3744
  New 'line' coverage: 3761
  New 'line' coverage: 3762
  New 'line' coverage: 3763
  New 'line' coverage: 3796
  New 'line' coverage: 3797
  New 'line' coverage: 3800
  New 'line' coverage: 3918
  New 'line' coverage: 3922
  New 'line' coverage: 3937
  New 'line' coverage: 3938
  New 'line' coverage: 3943
  New 'line' coverage: 3982
  New 'line' coverage: 4008
  New 'line' coverage: 4010
  New 'line' coverage: 407
  New 'line' coverage: 4218
  New 'line' coverage: 4223
  New 'line' coverage: 4225
  New 'line' coverage: 456
  New 'line' coverage: 458
  New 'line' coverage: 460
  New 'line' coverage: 465
  New 'line' coverage: 467
  New 'line' coverage: 468
  New 'line' coverage: 4723
  New 'line' coverage: 4727
  New 'line' coverage: 4730
  New 'line' coverage: 4732
  New 'line' coverage: 4733
  New 'line' coverage: 4734
  New 'line' coverage: 4739
  New 'line' coverage: 4743
  New 'line' coverage: 4745
  New 'line' coverage: 4746
  New 'line' coverage: 4748
  New 'line' coverage: 4749
  New 'line' coverage: 4750
  New 'line' coverage: 4763
  New 'line' coverage: 4764
  New 'line' coverage: 4771
  New 'line' coverage: 4773
  New 'line' coverage: 4777
  New 'line' coverage: 4778
  New 'line' coverage: 4779
  New 'line' coverage: 478
  New 'line' coverage: 4780
  New 'line' coverage: 4781
  New 'line' coverage: 4782
  New 'line' coverage: 4783
  New 'line' coverage: 4784
  New 'line' coverage: 4785
  New 'line' coverage: 4786
  New 'line' coverage: 4787
  New 'line' coverage: 4788
  New 'line' coverage: 4789
  New 'line' coverage: 4790
  New 'line' coverage: 4791
  New 'line' coverage: 4792
  New 'line' coverage: 4793
  New 'line' coverage: 4794
  New 'line' coverage: 4795
  New 'line' coverage: 4796
  New 'line' coverage: 4797
  New 'line' coverage: 4798
  New 'line' coverage: 4799
  New 'line' coverage: 480
  New 'line' coverage: 4800
  New 'line' coverage: 4801
  New 'line' coverage: 4804
  New 'line' coverage: 4805
  New 'line' coverage: 4806
  New 'line' coverage: 4807
  New 'line' coverage: 4808
  New 'line' coverage: 4809
  New 'line' coverage: 481
  New 'line' coverage: 4810
  New 'line' coverage: 4812
  New 'line' coverage: 4814
  New 'line' coverage: 4815
  New 'line' coverage: 4817
  New 'line' coverage: 4819
  New 'line' coverage: 4821
  New 'line' coverage: 4822
  New 'line' coverage: 4828
  New 'line' coverage: 4829
  New 'line' coverage: 483
  New 'line' coverage: 4831
  New 'line' coverage: 4833
  New 'line' coverage: 4838
  New 'line' coverage: 4839
  New 'line' coverage: 484
  New 'line' coverage: 4841
  New 'line' coverage: 4842
  New 'line' coverage: 4847
  New 'line' coverage: 4848
  New 'line' coverage: 4850
  New 'line' coverage: 4851
  New 'line' coverage: 4853
  New 'line' coverage: 4856
  New 'line' coverage: 4858
  New 'line' coverage: 4861
  New 'line' coverage: 4863
  New 'line' coverage: 4865
  New 'line' coverage: 4867
  New 'line' coverage: 4868
  New 'line' coverage: 4871
  New 'line' coverage: 4878
  New 'line' coverage: 4884
  New 'line' coverage: 4885
  New 'line' coverage: 4888
  New 'line' coverage: 4889
  New 'line' coverage: 4890
  New 'line' coverage: 4895
  New 'line' coverage: 4896
  New 'line' coverage: 4898
  New 'line' coverage: 4899
  New 'line' coverage: 4900
  New 'line' coverage: 4901
  New 'line' coverage: 4903
  New 'line' coverage: 4904
  New 'line' coverage: 4905
  New 'line' coverage: 4907
  New 'line' coverage: 4908
  New 'line' coverage: 4909
  New 'line' coverage: 4910
  New 'line' coverage: 4911
  New 'line' coverage: 4912
  New 'line' coverage: 4913
  New 'line' coverage: 4914
  New 'line' coverage: 4917
  New 'line' coverage: 4918
  New 'line' coverage: 4971
  New 'line' coverage: 4976
  New 'line' coverage: 4977
  New 'line' coverage: 4981
  New 'line' coverage: 4982
  New 'line' coverage: 4983
  New 'line' coverage: 4985
  New 'line' coverage: 4987
  New 'line' coverage: 4990
  New 'line' coverage: 4992
  New 'line' coverage: 4999
  New 'line' coverage: 5000
  New 'line' coverage: 5003
  New 'line' coverage: 5004
  New 'line' coverage: 5007
  New 'line' coverage: 5008
  New 'line' coverage: 5014
  New 'line' coverage: 5018
  New 'line' coverage: 5020
  New 'line' coverage: 5023
  New 'line' coverage: 5025
  New 'line' coverage: 5027
  New 'line' coverage: 5034
  New 'line' coverage: 5045
  New 'line' coverage: 5046
  New 'line' coverage: 5048
  New 'line' coverage: 5050
  New 'line' coverage: 5051
  New 'line' coverage: 5055
  New 'line' coverage: 5056
  New 'line' coverage: 5057
  New 'line' coverage: 506
  New 'line' coverage: 5070
  New 'line' coverage: 5071
  New 'line' coverage: 5073
  New 'line' coverage: 5074
  New 'line' coverage: 5075
  New 'line' coverage: 5077
  New 'line' coverage: 5079
  New 'line' coverage: 508
  New 'line' coverage: 5081
  New 'line' coverage: 5083
  New 'line' coverage: 5084
  New 'line' coverage: 5085
  New 'line' coverage: 5086
  New 'line' coverage: 5087
  New 'line' coverage: 5088
  New 'line' coverage: 5089
  New 'line' coverage: 509
  New 'line' coverage: 5090
  New 'line' coverage: 5091
  New 'line' coverage: 5092
  New 'line' coverage: 515
  New 'line' coverage: 5154
  New 'line' coverage: 5157
  New 'line' coverage: 518
  New 'line' coverage: 519
  New 'line' coverage: 524
  New 'line' coverage: 5267
  New 'line' coverage: 5269
  New 'line' coverage: 5270
  New 'line' coverage: 5271
  New 'line' coverage: 529
  New 'line' coverage: 5297
  New 'line' coverage: 533
  New 'line' coverage: 5355
  New 'line' coverage: 5359
  New 'line' coverage: 536
  New 'line' coverage: 5389
  New 'line' coverage: 539
  New 'line' coverage: 541
  New 'line' coverage: 5411
  New 'line' coverage: 542
  New 'line' coverage: 5420
  New 'line' coverage: 5423
  New 'line' coverage: 5427
  New 'line' coverage: 5428
  New 'line' coverage: 547
  New 'line' coverage: 556
  New 'line' coverage: 558
  New 'line' coverage: 559
  New 'line' coverage: 560
  New 'line' coverage: 5702
  New 'line' coverage: 5705
  New 'line' coverage: 5706
  New 'line' coverage: 5708
  New 'line' coverage: 5709
  New 'line' coverage: 5710
  New 'line' coverage: 5711
  New 'line' coverage: 5754
  New 'line' coverage: 5761
  New 'line' coverage: 585
  New 'line' coverage: 588
  New 'line' coverage: 589
  New 'line' coverage: 5914
  New 'line' coverage: 592
  New 'line' coverage: 5972
  New 'line' coverage: 5973
  New 'line' coverage: 6012
  New 'line' coverage: 6017
  New 'line' coverage: 6019
  New 'line' coverage: 6034
  New 'line' coverage: 6043
  New 'line' coverage: 6045
  New 'line' coverage: 6046
  New 'line' coverage: 6055
  New 'line' coverage: 6072
  New 'line' coverage: 6073
  New 'line' coverage: 6074
  New 'line' coverage: 6075
  New 'line' coverage: 6077
  New 'line' coverage: 6078
  New 'line' coverage: 6147
  New 'line' coverage: 6148
  New 'line' coverage: 6149
  New 'line' coverage: 6151
  New 'line' coverage: 6153
  New 'line' coverage: 6164
  New 'line' coverage: 6178
  New 'line' coverage: 6186
  New 'line' coverage: 6188
  New 'line' coverage: 6190
  New 'line' coverage: 6192
  New 'line' coverage: 6194
  New 'line' coverage: 6195
  New 'line' coverage: 6196
  New 'line' coverage: 6197
  New 'line' coverage: 6198
  New 'line' coverage: 6233
  New 'line' coverage: 6236
  New 'line' coverage: 6238
  New 'line' coverage: 6242
  New 'line' coverage: 6243
  New 'line' coverage: 6255
  New 'line' coverage: 6261
  New 'line' coverage: 6264
  New 'line' coverage: 6267
  New 'line' coverage: 6269
  New 'line' coverage: 6271
  New 'line' coverage: 6277
  New 'line' coverage: 6278
  New 'line' coverage: 6306
  New 'line' coverage: 6309
  New 'line' coverage: 6310
  New 'line' coverage: 6311
  New 'line' coverage: 6316
  New 'line' coverage: 6361
  New 'line' coverage: 6371
  New 'line' coverage: 6375
  New 'line' coverage: 6416
  New 'line' coverage: 6418
  New 'line' coverage: 6425
  New 'line' coverage: 6430
  New 'line' coverage: 6431
  New 'line' coverage: 6432
  New 'line' coverage: 6435
  New 'line' coverage: 6439
  New 'line' coverage: 6445
  New 'line' coverage: 6446
  New 'line' coverage: 6449
  New 'line' coverage: 6451
  New 'line' coverage: 6454
  New 'line' coverage: 6456
  New 'line' coverage: 6458
  New 'line' coverage: 6460
  New 'line' coverage: 6461
  New 'line' coverage: 6462
  New 'line' coverage: 6463
  New 'line' coverage: 6465
  New 'line' coverage: 6468
  New 'line' coverage: 6470
  New 'line' coverage: 6472
  New 'line' coverage: 6475
  New 'line' coverage: 6477
  New 'line' coverage: 6486
  New 'line' coverage: 6488
  New 'line' coverage: 6490
  New 'line' coverage: 6494
  New 'line' coverage: 6496
  New 'line' coverage: 6506
  New 'line' coverage: 6509
  New 'line' coverage: 6511
  New 'line' coverage: 6512
  New 'line' coverage: 6602
  New 'line' coverage: 6631
  New 'line' coverage: 6636
  New 'line' coverage: 6640
  New 'line' coverage: 6641
  New 'line' coverage: 6642
  New 'line' coverage: 6644
  New 'line' coverage: 6646
  New 'line' coverage: 6648
  New 'line' coverage: 6651
  New 'line' coverage: 6687
  New 'line' coverage: 6700
  New 'line' coverage: 6703
  New 'line' coverage: 6711
  New 'line' coverage: 6713
  New 'line' coverage: 6715
  New 'line' coverage: 6718
  New 'line' coverage: 6721
  New 'line' coverage: 6729
  New 'line' coverage: 6730
  New 'line' coverage: 6731
  New 'line' coverage: 6732
  New 'line' coverage: 6733
  New 'line' coverage: 6736
  New 'line' coverage: 6738
  New 'line' coverage: 6739
  New 'line' coverage: 6741
  New 'line' coverage: 7159
  New 'line' coverage: 7164
  New 'line' coverage: 7165
  New 'line' coverage: 7167
  New 'line' coverage: 7226
  New 'line' coverage: 7228
  New 'line' coverage: 7229
  New 'line' coverage: 7230
  New 'line' coverage: 7232
  New 'line' coverage: 7233
  New 'line' coverage: 7234
  New 'line' coverage: 7307
  New 'line' coverage: 7310
  New 'line' coverage: 7312
  New 'line' coverage: 7320
  New 'line' coverage: 7321
  New 'line' coverage: 7325
  New 'line' coverage: 9310
  New 'line' coverage: 9316
  New 'line' coverage: 9326
  New 'line' coverage: 9327
  New 'line' coverage: 9329
  New 'line' coverage: 9330
  New 'line' coverage: 9333
  New 'line' coverage: 9334
  New 'line' coverage: 9335
  New 'line' coverage: 9694
  New 'line' coverage: 9698
  New 'line' coverage: 9700
  New 'line' coverage: 9701
  New 'line' coverage: 9703

[-] No new AFL test cases, sleeping for 60 seconds

*** Imported 1 new test cases from: ./afl_out/queue

[+] AFL test case: id:000005,src:000003,op:flip1,pos:168 (0 / 6), cycle: 0
    lines......: 5.7% (2028 of 35340 lines)
    functions..: 8.6% (92 of 1067 functions)

    Coverage diff id:000004,src:000000,op:flip1,pos:44 id:000005,src:000003,op:flip1,pos:168
diff id:000004,src:000000,op:flip1,pos:44 -> id:000005,src:000003,op:flip1,pos:168
Src file: /home/zt/copy/binutils_fuzz_output/include/elf/m68k.h
  New 'function' coverage: elf_m68k_reloc_type()
  New 'line' coverage: 26
  New 'line' coverage: 28
Src file: /home/zt/copy/binutils_fuzz_output/binutils/elfcomm.c
  New 'function' coverage: byte_get_signed()
  New 'line' coverage: 135
  New 'line' coverage: 136
  New 'line' coverage: 317
  New 'line' coverage: 318
  New 'line' coverage: 319
  New 'line' coverage: 320
  New 'line' coverage: 321
  New 'line' coverage: 322
  New 'line' coverage: 323
  New 'line' coverage: 324
  New 'line' coverage: 344
  New 'line' coverage: 346
  New 'line' coverage: 348
  New 'line' coverage: 356
  New 'line' coverage: 357
Src file: /home/zt/copy/binutils_fuzz_output/include/elf/mips.h
  New 'function' coverage: elf_mips_reloc_type()
  New 'line' coverage: 38
  New 'line' coverage: 40
Src file: /home/zt/copy/binutils_fuzz_output/include/elf/sparc.h
  New 'function' coverage: elf_sparc_reloc_type()
  New 'line' coverage: 62
  New 'line' coverage: 64
Src file: /home/zt/copy/binutils_fuzz_output/include/elf/i960.h
  New 'function' coverage: elf_i960_reloc_type()
  New 'line' coverage: 26
  New 'line' coverage: 28
Src file: /home/zt/copy/binutils_fuzz_output/include/elf/pj.h
  New 'function' coverage: elf_pj_reloc_type()
  New 'line' coverage: 27
  New 'line' coverage: 29
Src file: /home/zt/copy/binutils_fuzz_output/binutils/dwarf.c
  New 'function' coverage: init_dwarf_regnames_iamcu()
  New 'function' coverage: init_dwarf_regnames_riscv()
  New 'function' coverage: init_dwarf_regnames_s390()
  New 'function' coverage: init_dwarf_regnames_x86_64()
  New 'line' coverage: 7050
  New 'line' coverage: 7052
  New 'line' coverage: 7053
  New 'line' coverage: 7054
  New 'line' coverage: 7089
  New 'line' coverage: 7091
  New 'line' coverage: 7092
  New 'line' coverage: 7093
  New 'line' coverage: 7136
  New 'line' coverage: 7138
  New 'line' coverage: 7139
  New 'line' coverage: 7140
  New 'line' coverage: 7157
  New 'line' coverage: 7159
  New 'line' coverage: 7160
  New 'line' coverage: 7161
  New 'line' coverage: 7172
  New 'line' coverage: 7173
  New 'line' coverage: 7174
  New 'line' coverage: 7176
  New 'line' coverage: 7179
  New 'line' coverage: 7180
  New 'line' coverage: 7186
  New 'line' coverage: 7187
  New 'line' coverage: 7188
  New 'line' coverage: 7190
  New 'line' coverage: 7191
  New 'line' coverage: 7192
Src file: /home/zt/copy/binutils_fuzz_output/include/elf/hppa.h
  New 'function' coverage: elf_hppa_reloc_type()
  New 'line' coverage: 110
  New 'line' coverage: 115
Src file: /home/zt/copy/binutils_fuzz_output/include/elf/csky.h
  New 'function' coverage: elf_csky_reloc_type()
  New 'line' coverage: 29
  New 'line' coverage: 31
Src file: /home/zt/copy/binutils_fuzz_output/include/elf/i370.h
  New 'function' coverage: i370_reloc_type()
  New 'line' coverage: 46
  New 'line' coverage: 48
Src file: /home/zt/copy/binutils_fuzz_output/binutils/readelf.c
  New 'function' coverage: apply_relocations()
  New 'function' coverage: arm_process_unwind()
  New 'function' coverage: decode_ARM_machine_flags()
  New 'function' coverage: dump_relocations()
  New 'function' coverage: find_section()
  New 'function' coverage: get_32bit_dynamic_section()
  New 'function' coverage: get_32bit_elf_symbols()
  New 'function' coverage: get_64bit_program_headers()
  New 'function' coverage: get_reloc_symindex()
  New 'function' coverage: get_reloc_type()
  New 'function' coverage: get_section_contents()
  New 'function' coverage: get_symbol_binding()
  New 'function' coverage: get_symbol_index_type()
  New 'function' coverage: get_symbol_other()
  New 'function' coverage: get_symbol_type()
  New 'function' coverage: get_symbol_version_string()
  New 'function' coverage: get_symbol_visibility()
  New 'function' coverage: hppa_process_unwind()
  New 'function' coverage: is_ia64_vms()
  New 'function' coverage: printable_section_name()
  New 'function' coverage: process_mips_specific()
  New 'function' coverage: process_notes_at()
  New 'function' coverage: slurp_rel_relocs()
  New 'function' coverage: slurp_rela_relocs()
  New 'line' coverage: 1001
  New 'line' coverage: 1011
  New 'line' coverage: 1015
  New 'line' coverage: 1016
  New 'line' coverage: 1017
  New 'line' coverage: 1020
  New 'line' coverage: 1022
  New 'line' coverage: 1024
  New 'line' coverage: 1031
  New 'line' coverage: 1033
  New 'line' coverage: 1034
  New 'line' coverage: 1035
  New 'line' coverage: 1038
  New 'line' coverage: 1092
  New 'line' coverage: 1093
  New 'line' coverage: 1094
  New 'line' coverage: 10946
  New 'line' coverage: 10950
  New 'line' coverage: 10952
  New 'line' coverage: 10955
  New 'line' coverage: 10956
  New 'line' coverage: 10957
  New 'line' coverage: 10959
  New 'line' coverage: 10969
  New 'line' coverage: 10970
  New 'line' coverage: 10975
  New 'line' coverage: 10979
  New 'line' coverage: 10981
  New 'line' coverage: 10983
  New 'line' coverage: 10985
  New 'line' coverage: 10990
  New 'line' coverage: 10991
  New 'line' coverage: 1100
  New 'line' coverage: 11004
  New 'line' coverage: 11006
  New 'line' coverage: 11014
  New 'line' coverage: 11015
  New 'line' coverage: 11016
  New 'line' coverage: 11018
  New 'line' coverage: 11019
  New 'line' coverage: 1102
  New 'line' coverage: 1103
  New 'line' coverage: 11030
  New 'line' coverage: 11032
  New 'line' coverage: 11034
  New 'line' coverage: 11035
  New 'line' coverage: 11157
  New 'line' coverage: 11159
  New 'line' coverage: 11162
  New 'line' coverage: 11165
  New 'line' coverage: 11176
  New 'line' coverage: 11177
  New 'line' coverage: 11178
  New 'line' coverage: 11181
  New 'line' coverage: 11184
  New 'line' coverage: 11185
  New 'line' coverage: 11189
  New 'line' coverage: 11193
  New 'line' coverage: 11195
  New 'line' coverage: 11198
  New 'line' coverage: 11199
  New 'line' coverage: 11203
  New 'line' coverage: 11204
  New 'line' coverage: 11205
  New 'line' coverage: 11208
  New 'line' coverage: 11210
  New 'line' coverage: 11213
  New 'line' coverage: 11216
  New 'line' coverage: 11218
  New 'line' coverage: 1122
  New 'line' coverage: 11220
  New 'line' coverage: 11222
  New 'line' coverage: 11223
  New 'line' coverage: 11226
  New 'line' coverage: 11229
  New 'line' coverage: 1124
  New 'line' coverage: 11341
  New 'line' coverage: 11355
  New 'line' coverage: 11356
  New 'line' coverage: 11357
  New 'line' coverage: 1142
  New 'line' coverage: 1154
  New 'line' coverage: 1156
  New 'line' coverage: 1159
  New 'line' coverage: 1161
  New 'line' coverage: 1162
  New 'line' coverage: 1166
  New 'line' coverage: 1170
  New 'line' coverage: 1172
  New 'line' coverage: 1174
  New 'line' coverage: 1177
  New 'line' coverage: 11782
  New 'line' coverage: 11786
  New 'line' coverage: 11793
  New 'line' coverage: 11794
  New 'line' coverage: 11800
  New 'line' coverage: 11801
  New 'line' coverage: 11805
  New 'line' coverage: 11806
  New 'line' coverage: 11807
  New 'line' coverage: 11809
  New 'line' coverage: 1181
  New 'line' coverage: 11811
  New 'line' coverage: 11812
  New 'line' coverage: 11814
  New 'line' coverage: 11826
  New 'line' coverage: 11832
  New 'line' coverage: 11833
  New 'line' coverage: 11834
  New 'line' coverage: 11835
  New 'line' coverage: 11836
  New 'line' coverage: 11837
  New 'line' coverage: 11838
  New 'line' coverage: 1184
  New 'line' coverage: 11842
  New 'line' coverage: 11844
  New 'line' coverage: 11848
  New 'line' coverage: 11849
  New 'line' coverage: 11851
  New 'line' coverage: 11852
  New 'line' coverage: 11853
  New 'line' coverage: 11856
  New 'line' coverage: 11857
  New 'line' coverage: 11860
  New 'line' coverage: 11869
  New 'line' coverage: 11871
  New 'line' coverage: 11872
  New 'line' coverage: 11874
  New 'line' coverage: 11877
  New 'line' coverage: 11878
  New 'line' coverage: 11882
  New 'line' coverage: 11883
  New 'line' coverage: 11888
  New 'line' coverage: 11889
  New 'line' coverage: 1205
  New 'line' coverage: 1213
  New 'line' coverage: 1214
  New 'line' coverage: 1216
  New 'line' coverage: 1217
  New 'line' coverage: 1219
  New 'line' coverage: 1221
  New 'line' coverage: 1255
  New 'line' coverage: 1257
  New 'line' coverage: 1258
  New 'line' coverage: 1259
  New 'line' coverage: 1270
  New 'line' coverage: 1272
  New 'line' coverage: 1273
  New 'line' coverage: 1284
  New 'line' coverage: 1285
  New 'line' coverage: 1286
  New 'line' coverage: 1288
  New 'line' coverage: 1289
  New 'line' coverage: 1290
  New 'line' coverage: 1297
  New 'line' coverage: 1301
  New 'line' coverage: 1302
  New 'line' coverage: 13075
  New 'line' coverage: 13083
  New 'line' coverage: 13085
  New 'line' coverage: 13091
  New 'line' coverage: 13093
  New 'line' coverage: 13339
  New 'line' coverage: 13341
  New 'line' coverage: 13343
  New 'line' coverage: 13350
  New 'line' coverage: 13351
  New 'line' coverage: 1353
  New 'line' coverage: 1354
  New 'line' coverage: 1355
  New 'line' coverage: 1396
  New 'line' coverage: 1398
  New 'line' coverage: 1399
  New 'line' coverage: 1401
  New 'line' coverage: 1402
  New 'line' coverage: 1403
  New 'line' coverage: 1413
  New 'line' coverage: 1416
  New 'line' coverage: 1417
  New 'line' coverage: 1419
  New 'line' coverage: 1420
  New 'line' coverage: 1421
  New 'line' coverage: 1433
  New 'line' coverage: 1435
  New 'line' coverage: 1436
  New 'line' coverage: 1445
  New 'line' coverage: 1446
  New 'line' coverage: 1447
  New 'line' coverage: 1455
  New 'line' coverage: 1456
  New 'line' coverage: 1457
  New 'line' coverage: 1585
  New 'line' coverage: 15859
  New 'line' coverage: 1586
  New 'line' coverage: 15862
  New 'line' coverage: 15863
  New 'line' coverage: 15864
  New 'line' coverage: 15865
  New 'line' coverage: 15866
  New 'line' coverage: 15867
  New 'line' coverage: 15868
  New 'line' coverage: 15869
  New 'line' coverage: 15870
  New 'line' coverage: 15871
  New 'line' coverage: 15872
  New 'line' coverage: 15873
  New 'line' coverage: 15874
  New 'line' coverage: 15875
  New 'line' coverage: 15876
  New 'line' coverage: 15878
  New 'line' coverage: 1588
  New 'line' coverage: 15882
  New 'line' coverage: 15884
  New 'line' coverage: 1590
  New 'line' coverage: 15937
  New 'line' coverage: 15940
  New 'line' coverage: 15941
  New 'line' coverage: 16023
  New 'line' coverage: 1617
  New 'line' coverage: 1619
  New 'line' coverage: 1621
  New 'line' coverage: 1622
  New 'line' coverage: 1747
  New 'line' coverage: 1749
  New 'line' coverage: 1751
  New 'line' coverage: 1752
  New 'line' coverage: 1753
  New 'line' coverage: 1755
  New 'line' coverage: 1758
  New 'line' coverage: 1763
  New 'line' coverage: 1766
  New 'line' coverage: 1794
  New 'line' coverage: 1796
  New 'line' coverage: 18604
  New 'line' coverage: 18613
  New 'line' coverage: 18615
  New 'line' coverage: 18616
  New 'line' coverage: 18618
  New 'line' coverage: 18620
  New 'line' coverage: 18621
  New 'line' coverage: 18623
  New 'line' coverage: 18628
  New 'line' coverage: 18629
  New 'line' coverage: 18631
  New 'line' coverage: 18632
  New 'line' coverage: 18634
  New 'line' coverage: 18636
  New 'line' coverage: 18637
  New 'line' coverage: 18639
  New 'line' coverage: 18647
  New 'line' coverage: 18648
  New 'line' coverage: 18656
  New 'line' coverage: 18658
  New 'line' coverage: 18659
  New 'line' coverage: 18664
  New 'line' coverage: 18665
  New 'line' coverage: 18667
  New 'line' coverage: 18671
  New 'line' coverage: 18672
  New 'line' coverage: 18680
  New 'line' coverage: 18682
  New 'line' coverage: 18684
  New 'line' coverage: 18685
  New 'line' coverage: 18686
  New 'line' coverage: 18687
  New 'line' coverage: 18688
  New 'line' coverage: 18689
  New 'line' coverage: 18690
  New 'line' coverage: 18691
  New 'line' coverage: 18692
  New 'line' coverage: 18725
  New 'line' coverage: 18726
  New 'line' coverage: 18731
  New 'line' coverage: 18732
  New 'line' coverage: 18733
  New 'line' coverage: 18735
  New 'line' coverage: 18772
  New 'line' coverage: 18774
  New 'line' coverage: 18792
  New 'line' coverage: 18793
  New 'line' coverage: 18794
  New 'line' coverage: 18795
  New 'line' coverage: 18796
  New 'line' coverage: 18897
  New 'line' coverage: 18898
  New 'line' coverage: 18899
  New 'line' coverage: 18900
  New 'line' coverage: 18902
  New 'line' coverage: 18908
  New 'line' coverage: 18922
  New 'line' coverage: 18936
  New 'line' coverage: 18937
  New 'line' coverage: 18939
  New 'line' coverage: 18940
  New 'line' coverage: 18974
  New 'line' coverage: 18977
  New 'line' coverage: 18980
  New 'line' coverage: 18981
  New 'line' coverage: 18985
  New 'line' coverage: 18987
  New 'line' coverage: 18994
  New 'line' coverage: 18995
  New 'line' coverage: 19002
  New 'line' coverage: 19004
  New 'line' coverage: 19007
  New 'line' coverage: 19009
  New 'line' coverage: 19012
  New 'line' coverage: 19015
  New 'line' coverage: 19018
  New 'line' coverage: 19019
  New 'line' coverage: 19089
  New 'line' coverage: 19093
  New 'line' coverage: 19269
  New 'line' coverage: 19297
  New 'line' coverage: 19324
  New 'line' coverage: 19325
  New 'line' coverage: 19326
  New 'line' coverage: 19352
  New 'line' coverage: 19354
  New 'line' coverage: 19361
  New 'line' coverage: 19362
  New 'line' coverage: 2255
  New 'line' coverage: 2256
  New 'line' coverage: 2258
  New 'line' coverage: 2259
  New 'line' coverage: 2263
  New 'line' coverage: 2265
  New 'line' coverage: 2281
  New 'line' coverage: 2282
  New 'line' coverage: 2283
  New 'line' coverage: 2285
  New 'line' coverage: 2286
  New 'line' coverage: 2287
  New 'line' coverage: 2288
  New 'line' coverage: 2289
  New 'line' coverage: 2290
  New 'line' coverage: 2292
  New 'line' coverage: 2293
  New 'line' coverage: 2294
  New 'line' coverage: 2295
  New 'line' coverage: 2296
  New 'line' coverage: 2297
  New 'line' coverage: 2298
  New 'line' coverage: 2300
  New 'line' coverage: 2301
  New 'line' coverage: 2302
  New 'line' coverage: 2303
  New 'line' coverage: 2305
  New 'line' coverage: 2306
  New 'line' coverage: 2307
  New 'line' coverage: 2308
  New 'line' coverage: 2310
  New 'line' coverage: 2312
  New 'line' coverage: 2313
  New 'line' coverage: 2315
  New 'line' coverage: 2316
  New 'line' coverage: 2318
  New 'line' coverage: 2319
  New 'line' coverage: 2322
  New 'line' coverage: 2323
  New 'line' coverage: 2325
  New 'line' coverage: 2328
  New 'line' coverage: 2329
  New 'line' coverage: 2332
  New 'line' coverage: 2335
  New 'line' coverage: 2336
  New 'line' coverage: 2337
  New 'line' coverage: 2338
  New 'line' coverage: 2339
  New 'line' coverage: 2340
  New 'line' coverage: 2343
  New 'line' coverage: 2345
  New 'line' coverage: 2347
  New 'line' coverage: 2348
  New 'line' coverage: 2349
  New 'line' coverage: 2350
  New 'line' coverage: 2355
  New 'line' coverage: 2356
  New 'line' coverage: 2361
  New 'line' coverage: 2362
  New 'line' coverage: 2363
  New 'line' coverage: 2364
  New 'line' coverage: 2365
  New 'line' coverage: 2366
  New 'line' coverage: 2374
  New 'line' coverage: 2377
  New 'line' coverage: 2378
  New 'line' coverage: 2379
  New 'line' coverage: 2380
  New 'line' coverage: 2381
  New 'line' coverage: 2382
  New 'line' coverage: 2383
  New 'line' coverage: 2385
  New 'line' coverage: 2389
  New 'line' coverage: 2394
  New 'line' coverage: 2402
  New 'line' coverage: 2403
  New 'line' coverage: 2404
  New 'line' coverage: 2407
  New 'line' coverage: 2409
  New 'line' coverage: 2411
  New 'line' coverage: 2412
  New 'line' coverage: 2420
  New 'line' coverage: 2425
  New 'line' coverage: 2426
  New 'line' coverage: 2428
  New 'line' coverage: 2429
  New 'line' coverage: 2430
  New 'line' coverage: 2431
  New 'line' coverage: 2437
  New 'line' coverage: 2443
  New 'line' coverage: 2445
  New 'line' coverage: 2449
  New 'line' coverage: 2450
  New 'line' coverage: 2455
  New 'line' coverage: 2456
  New 'line' coverage: 2459
  New 'line' coverage: 2461
  New 'line' coverage: 2464
  New 'line' coverage: 2473
  New 'line' coverage: 2476
  New 'line' coverage: 2477
  New 'line' coverage: 2480
  New 'line' coverage: 2482
  New 'line' coverage: 2483
  New 'line' coverage: 2485
  New 'line' coverage: 2488
  New 'line' coverage: 2489
  New 'line' coverage: 2490
  New 'line' coverage: 2491
  New 'line' coverage: 2492
  New 'line' coverage: 2493
  New 'line' coverage: 2494
  New 'line' coverage: 2495
  New 'line' coverage: 2510
  New 'line' coverage: 2589
  New 'line' coverage: 2592
  New 'line' coverage: 2594
  New 'line' coverage: 2595
  New 'line' coverage: 2598
  New 'line' coverage: 2600
  New 'line' coverage: 2601
  New 'line' coverage: 2604
  New 'line' coverage: 2606
  New 'line' coverage: 2607
  New 'line' coverage: 2611
  New 'line' coverage: 2613
  New 'line' coverage: 2614
  New 'line' coverage: 2615
  New 'line' coverage: 2616
  New 'line' coverage: 2617
  New 'line' coverage: 2677
  New 'line' coverage: 2678
  New 'line' coverage: 2679
  New 'line' coverage: 2684
  New 'line' coverage: 2685
  New 'line' coverage: 2689
  New 'line' coverage: 2690
  New 'line' coverage: 2691
  New 'line' coverage: 2697
  New 'line' coverage: 2698
  New 'line' coverage: 2699
  New 'line' coverage: 2702
  New 'line' coverage: 2739
  New 'line' coverage: 2740
  New 'line' coverage: 2741
  New 'line' coverage: 2746
  New 'line' coverage: 2747
  New 'line' coverage: 2751
  New 'line' coverage: 2752
  New 'line' coverage: 2753
  New 'line' coverage: 2755
  New 'line' coverage: 2756
  New 'line' coverage: 2757
  New 'line' coverage: 2759
  New 'line' coverage: 2760
  New 'line' coverage: 2761
  New 'line' coverage: 2767
  New 'line' coverage: 2768
  New 'line' coverage: 2769
  New 'line' coverage: 2771
  New 'line' coverage: 2772
  New 'line' coverage: 2773
  New 'line' coverage: 2775
  New 'line' coverage: 2776
  New 'line' coverage: 2777
  New 'line' coverage: 2779
  New 'line' coverage: 2780
  New 'line' coverage: 2781
  New 'line' coverage: 2783
  New 'line' coverage: 2784
  New 'line' coverage: 2785
  New 'line' coverage: 2787
  New 'line' coverage: 2788
  New 'line' coverage: 2789
  New 'line' coverage: 2791
  New 'line' coverage: 2792
  New 'line' coverage: 2793
  New 'line' coverage: 2798
  New 'line' coverage: 2799
  New 'line' coverage: 2800
  New 'line' coverage: 3095
  New 'line' coverage: 3096
  New 'line' coverage: 3097
  New 'line' coverage: 3159
  New 'line' coverage: 3160
  New 'line' coverage: 3161
  New 'line' coverage: 3162
  New 'line' coverage: 3164
  New 'line' coverage: 3165
  New 'line' coverage: 3168
  New 'line' coverage: 3169
  New 'line' coverage: 3170
  New 'line' coverage: 3172
  New 'line' coverage: 3174
  New 'line' coverage: 3175
  New 'line' coverage: 3176
  New 'line' coverage: 3177
  New 'line' coverage: 3178
  New 'line' coverage: 3179
  New 'line' coverage: 3180
  New 'line' coverage: 3181
  New 'line' coverage: 3182
  New 'line' coverage: 3183
  New 'line' coverage: 3184
  New 'line' coverage: 3185
  New 'line' coverage: 3186
  New 'line' coverage: 3187
  New 'line' coverage: 3188
  New 'line' coverage: 3189
  New 'line' coverage: 3190
  New 'line' coverage: 3194
  New 'line' coverage: 3195
  New 'line' coverage: 3196
  New 'line' coverage: 3197
  New 'line' coverage: 3199
  New 'line' coverage: 3200
  New 'line' coverage: 3201
  New 'line' coverage: 3202
  New 'line' coverage: 3203
  New 'line' coverage: 3204
  New 'line' coverage: 3205
  New 'line' coverage: 3207
  New 'line' coverage: 3208
  New 'line' coverage: 3209
  New 'line' coverage: 3210
  New 'line' coverage: 3211
  New 'line' coverage: 3212
  New 'line' coverage: 3213
  New 'line' coverage: 3214
  New 'line' coverage: 3215
  New 'line' coverage: 3216
  New 'line' coverage: 3217
  New 'line' coverage: 3218
  New 'line' coverage: 3220
  New 'line' coverage: 3222
  New 'line' coverage: 3223
  New 'line' coverage: 3226
  New 'line' coverage: 3262
  New 'line' coverage: 3263
  New 'line' coverage: 3266
  New 'line' coverage: 3269
  New 'line' coverage: 3271
  New 'line' coverage: 3273
  New 'line' coverage: 3274
  New 'line' coverage: 3281
  New 'line' coverage: 3283
  New 'line' coverage: 3284
  New 'line' coverage: 3285
  New 'line' coverage: 3287
  New 'line' coverage: 3290
  New 'line' coverage: 3291
  New 'line' coverage: 3293
  New 'line' coverage: 3294
  New 'line' coverage: 3296
  New 'line' coverage: 3297
  New 'line' coverage: 3299
  New 'line' coverage: 3300
  New 'line' coverage: 3302
  New 'line' coverage: 3303
  New 'line' coverage: 3305
  New 'line' coverage: 3306
  New 'line' coverage: 3308
  New 'line' coverage: 3310
  New 'line' coverage: 3312
  New 'line' coverage: 3313
  New 'line' coverage: 3314
  New 'line' coverage: 3315
  New 'line' coverage: 3316
  New 'line' coverage: 3317
  New 'line' coverage: 3318
  New 'line' coverage: 3319
  New 'line' coverage: 3320
  New 'line' coverage: 3321
  New 'line' coverage: 3322
  New 'line' coverage: 3323
  New 'line' coverage: 3324
  New 'line' coverage: 3327
  New 'line' coverage: 3329
  New 'line' coverage: 3331
  New 'line' coverage: 3351
  New 'line' coverage: 3352
  New 'line' coverage: 3353
  New 'line' coverage: 3355
  New 'line' coverage: 3363
  New 'line' coverage: 3365
  New 'line' coverage: 3366
  New 'line' coverage: 3368
  New 'line' coverage: 3369
  New 'line' coverage: 3371
  New 'line' coverage: 3372
  New 'line' coverage: 3374
  New 'line' coverage: 3375
  New 'line' coverage: 3377
  New 'line' coverage: 3378
  New 'line' coverage: 3380
  New 'line' coverage: 3381
  New 'line' coverage: 3383
  New 'line' coverage: 3384
  New 'line' coverage: 3386
  New 'line' coverage: 3387
  New 'line' coverage: 3389
  New 'line' coverage: 3390
  New 'line' coverage: 3392
  New 'line' coverage: 3395
  New 'line' coverage: 3415
  New 'line' coverage: 3419
  New 'line' coverage: 3420
  New 'line' coverage: 3423
  New 'line' coverage: 3426
  New 'line' coverage: 3427
  New 'line' coverage: 3429
  New 'line' coverage: 3434
  New 'line' coverage: 3438
  New 'line' coverage: 3439
  New 'line' coverage: 3441
  New 'line' coverage: 3442
  New 'line' coverage: 3444
  New 'line' coverage: 3445
  New 'line' coverage: 3447
  New 'line' coverage: 3449
  New 'line' coverage: 3451
  New 'line' coverage: 3452
  New 'line' coverage: 3462
  New 'line' coverage: 3468
  New 'line' coverage: 3469
  New 'line' coverage: 3478
  New 'line' coverage: 3480
  New 'line' coverage: 3481
  New 'line' coverage: 3484
  New 'line' coverage: 3487
  New 'line' coverage: 3489
  New 'line' coverage: 3490
  New 'line' coverage: 3491
  New 'line' coverage: 3497
  New 'line' coverage: 3498
  New 'line' coverage: 3499
  New 'line' coverage: 3505
  New 'line' coverage: 3507
  New 'line' coverage: 3508
  New 'line' coverage: 3510
  New 'line' coverage: 3525
  New 'line' coverage: 3531
  New 'line' coverage: 3534
  New 'line' coverage: 3537
  New 'line' coverage: 3539
  New 'line' coverage: 3546
  New 'line' coverage: 3547
  New 'line' coverage: 3548
  New 'line' coverage: 3550
  New 'line' coverage: 3551
  New 'line' coverage: 3553
  New 'line' coverage: 3554
  New 'line' coverage: 3556
  New 'line' coverage: 3557
  New 'line' coverage: 3559
  New 'line' coverage: 3560
  New 'line' coverage: 3562
  New 'line' coverage: 3563
  New 'line' coverage: 3565
  New 'line' coverage: 3568
  New 'line' coverage: 3570
  New 'line' coverage: 3572
  New 'line' coverage: 3573
  New 'line' coverage: 3584
  New 'line' coverage: 3585
  New 'line' coverage: 3587
  New 'line' coverage: 3588
  New 'line' coverage: 3589
  New 'line' coverage: 3590
  New 'line' coverage: 3591
  New 'line' coverage: 3593
  New 'line' coverage: 3594
  New 'line' coverage: 3595
  New 'line' coverage: 3596
  New 'line' coverage: 3597
  New 'line' coverage: 3598
  New 'line' coverage: 3599
  New 'line' coverage: 3601
  New 'line' coverage: 3603
  New 'line' coverage: 3606
  New 'line' coverage: 3608
  New 'line' coverage: 3648
  New 'line' coverage: 3649
  New 'line' coverage: 3651
  New 'line' coverage: 3653
  New 'line' coverage: 3655
  New 'line' coverage: 3657
  New 'line' coverage: 3658
  New 'line' coverage: 3660
  New 'line' coverage: 3662
  New 'line' coverage: 3663
  New 'line' coverage: 3664
  New 'line' coverage: 3696
  New 'line' coverage: 3697
  New 'line' coverage: 3699
  New 'line' coverage: 3701
  New 'line' coverage: 3702
  New 'line' coverage: 3703
  New 'line' coverage: 3704
  New 'line' coverage: 3745
  New 'line' coverage: 3746
  New 'line' coverage: 3747
  New 'line' coverage: 3748
  New 'line' coverage: 3749
  New 'line' coverage: 3750
  New 'line' coverage: 3751
  New 'line' coverage: 3752
  New 'line' coverage: 3753
  New 'line' coverage: 3754
  New 'line' coverage: 3755
  New 'line' coverage: 3756
  New 'line' coverage: 3757
  New 'line' coverage: 3758
  New 'line' coverage: 3759
  New 'line' coverage: 3760
  New 'line' coverage: 3765
  New 'line' coverage: 3770
  New 'line' coverage: 3771
  New 'line' coverage: 3773
  New 'line' coverage: 3775
  New 'line' coverage: 3781
  New 'line' coverage: 3782
  New 'line' coverage: 3784
  New 'line' coverage: 3786
  New 'line' coverage: 3791
  New 'line' coverage: 3792
  New 'line' coverage: 3794
  New 'line' coverage: 3799
  New 'line' coverage: 3924
  New 'line' coverage: 3925
  New 'line' coverage: 3926
  New 'line' coverage: 3928
  New 'line' coverage: 3929
  New 'line' coverage: 3930
  New 'line' coverage: 3944
  New 'line' coverage: 3947
  New 'line' coverage: 3972
  New 'line' coverage: 3973
  New 'line' coverage: 3974
  New 'line' coverage: 3977
  New 'line' coverage: 3980
  New 'line' coverage: 3983
  New 'line' coverage: 3986
  New 'line' coverage: 3994
  New 'line' coverage: 3995
  New 'line' coverage: 3998
  New 'line' coverage: 3999
  New 'line' coverage: 4002
  New 'line' coverage: 4005
  New 'line' coverage: 4226
  New 'line' coverage: 4227
  New 'line' coverage: 4228
  New 'line' coverage: 4229
  New 'line' coverage: 4230
  New 'line' coverage: 4231
  New 'line' coverage: 4232
  New 'line' coverage: 4233
  New 'line' coverage: 4234
  New 'line' coverage: 4235
  New 'line' coverage: 4236
  New 'line' coverage: 4237
  New 'line' coverage: 4238
  New 'line' coverage: 4239
  New 'line' coverage: 4241
  New 'line' coverage: 4242
  New 'line' coverage: 4249
  New 'line' coverage: 4252
  New 'line' coverage: 4253
  New 'line' coverage: 4255
  New 'line' coverage: 4300
  New 'line' coverage: 4301
  New 'line' coverage: 4302
  New 'line' coverage: 4305
  New 'line' coverage: 4308
  New 'line' coverage: 4310
  New 'line' coverage: 4312
  New 'line' coverage: 4317
  New 'line' coverage: 4318
  New 'line' coverage: 4328
  New 'line' coverage: 4329
  New 'line' coverage: 4330
  New 'line' coverage: 4333
  New 'line' coverage: 4336
  New 'line' coverage: 4339
  New 'line' coverage: 4341
  New 'line' coverage: 4343
  New 'line' coverage: 4350
  New 'line' coverage: 4351
  New 'line' coverage: 4352
  New 'line' coverage: 4355
  New 'line' coverage: 4358
  New 'line' coverage: 4363
  New 'line' coverage: 4365
  New 'line' coverage: 4729
  New 'line' coverage: 473
  New 'line' coverage: 4731
  New 'line' coverage: 474
  New 'line' coverage: 4747
  New 'line' coverage: 475
  New 'line' coverage: 4823
  New 'line' coverage: 4825
  New 'line' coverage: 4826
  New 'line' coverage: 4835
  New 'line' coverage: 4836
  New 'line' coverage: 4844
  New 'line' coverage: 4845
  New 'line' coverage: 4859
  New 'line' coverage: 4862
  New 'line' coverage: 4866
  New 'line' coverage: 4892
  New 'line' coverage: 4893
  New 'line' coverage: 4925
  New 'line' coverage: 4931
  New 'line' coverage: 4932
  New 'line' coverage: 4935
  New 'line' coverage: 4936
  New 'line' coverage: 5001
  New 'line' coverage: 5029
  New 'line' coverage: 5030
  New 'line' coverage: 5031
  New 'line' coverage: 5053
  New 'line' coverage: 5159
  New 'line' coverage: 5167
  New 'line' coverage: 5168
  New 'line' coverage: 5169
  New 'line' coverage: 5170
  New 'line' coverage: 5172
  New 'line' coverage: 5174
  New 'line' coverage: 5176
  New 'line' coverage: 5180
  New 'line' coverage: 5181
  New 'line' coverage: 5182
  New 'line' coverage: 5183
  New 'line' coverage: 5184
  New 'line' coverage: 5185
  New 'line' coverage: 5186
  New 'line' coverage: 5187
  New 'line' coverage: 5189
  New 'line' coverage: 5191
  New 'line' coverage: 5192
  New 'line' coverage: 5197
  New 'line' coverage: 5198
  New 'line' coverage: 5202
  New 'line' coverage: 5206
  New 'line' coverage: 5207
  New 'line' coverage: 521
  New 'line' coverage: 5211
  New 'line' coverage: 5212
  New 'line' coverage: 5213
  New 'line' coverage: 5351
  New 'line' coverage: 5391
  New 'line' coverage: 5421
  New 'line' coverage: 5426
  New 'line' coverage: 5466
  New 'line' coverage: 5470
  New 'line' coverage: 5471
  New 'line' coverage: 5472
  New 'line' coverage: 5473
  New 'line' coverage: 5478
  New 'line' coverage: 5480
  New 'line' coverage: 5481
  New 'line' coverage: 5482
  New 'line' coverage: 5486
  New 'line' coverage: 5494
  New 'line' coverage: 5496
  New 'line' coverage: 5498
  New 'line' coverage: 5499
  New 'line' coverage: 5502
  New 'line' coverage: 5504
  New 'line' coverage: 5513
  New 'line' coverage: 5514
  New 'line' coverage: 5515
  New 'line' coverage: 5516
  New 'line' coverage: 5518
  New 'line' coverage: 5519
  New 'line' coverage: 5548
  New 'line' coverage: 5550
  New 'line' coverage: 5557
  New 'line' coverage: 5559
  New 'line' coverage: 5560
  New 'line' coverage: 5561
  New 'line' coverage: 5562
  New 'line' coverage: 5563
  New 'line' coverage: 5566
  New 'line' coverage: 5568
  New 'line' coverage: 5569
  New 'line' coverage: 5572
  New 'line' coverage: 5573
  New 'line' coverage: 5574
  New 'line' coverage: 5576
  New 'line' coverage: 5577
  New 'line' coverage: 5579
  New 'line' coverage: 568
  New 'line' coverage: 569
  New 'line' coverage: 570
  New 'line' coverage: 576
  New 'line' coverage: 5765
  New 'line' coverage: 5766
  New 'line' coverage: 5768
  New 'line' coverage: 580
  New 'line' coverage: 581
  New 'line' coverage: 5868
  New 'line' coverage: 5870
  New 'line' coverage: 5871
  New 'line' coverage: 5872
  New 'line' coverage: 5873
  New 'line' coverage: 5874
  New 'line' coverage: 5875
  New 'line' coverage: 5876
  New 'line' coverage: 5877
  New 'line' coverage: 5878
  New 'line' coverage: 5879
  New 'line' coverage: 5880
  New 'line' coverage: 5881
  New 'line' coverage: 5882
  New 'line' coverage: 5884
  New 'line' coverage: 5885
  New 'line' coverage: 5886
  New 'line' coverage: 5887
  New 'line' coverage: 5890
  New 'line' coverage: 5891
  New 'line' coverage: 5893
  New 'line' coverage: 5896
  New 'line' coverage: 5898
  New 'line' coverage: 5899
  New 'line' coverage: 5901
  New 'line' coverage: 5903
  New 'line' coverage: 5904
  New 'line' coverage: 5907
  New 'line' coverage: 5908
  New 'line' coverage: 5910
  New 'line' coverage: 600
  New 'line' coverage: 6022
  New 'line' coverage: 6024
  New 'line' coverage: 6026
  New 'line' coverage: 6028
  New 'line' coverage: 6029
  New 'line' coverage: 6031
  New 'line' coverage: 604
  New 'line' coverage: 605
  New 'line' coverage: 6050
  New 'line' coverage: 6051
  New 'line' coverage: 607
  New 'line' coverage: 6080
  New 'line' coverage: 609
  New 'line' coverage: 6091
  New 'line' coverage: 6094
  New 'line' coverage: 6096
  New 'line' coverage: 6098
  New 'line' coverage: 611
  New 'line' coverage: 6112
  New 'line' coverage: 6155
  New 'line' coverage: 6161
  New 'line' coverage: 6162
  New 'line' coverage: 6165
  New 'line' coverage: 6180
  New 'line' coverage: 6182
  New 'line' coverage: 6183
  New 'line' coverage: 6184
  New 'line' coverage: 6187
  New 'line' coverage: 6189
  New 'line' coverage: 6191
  New 'line' coverage: 6193
  New 'line' coverage: 620
  New 'line' coverage: 622
  New 'line' coverage: 623
  New 'line' coverage: 6265
  New 'line' coverage: 6318
  New 'line' coverage: 6320
  New 'line' coverage: 6321
  New 'line' coverage: 6322
  New 'line' coverage: 6332
  New 'line' coverage: 6333
  New 'line' coverage: 6336
  New 'line' coverage: 6338
  New 'line' coverage: 6340
  New 'line' coverage: 6346
  New 'line' coverage: 6347
  New 'line' coverage: 6349
  New 'line' coverage: 6351
  New 'line' coverage: 6353
  New 'line' coverage: 6356
  New 'line' coverage: 6357
  New 'line' coverage: 6359
  New 'line' coverage: 6377
  New 'line' coverage: 6379
  New 'line' coverage: 638
  New 'line' coverage: 6380
  New 'line' coverage: 6381
  New 'line' coverage: 6385
  New 'line' coverage: 6386
  New 'line' coverage: 6395
  New 'line' coverage: 6397
  New 'line' coverage: 6399
  New 'line' coverage: 6405
  New 'line' coverage: 6406
  New 'line' coverage: 6408
  New 'line' coverage: 6410
  New 'line' coverage: 6414
  New 'line' coverage: 642
  New 'line' coverage: 6427
  New 'line' coverage: 6428
  New 'line' coverage: 643
  New 'line' coverage: 6433
  New 'line' coverage: 6440
  New 'line' coverage: 6441
  New 'line' coverage: 6442
  New 'line' coverage: 6443
  New 'line' coverage: 6487
  New 'line' coverage: 6491
  New 'line' coverage: 6492
  New 'line' coverage: 658
  New 'line' coverage: 662
  New 'line' coverage: 663
  New 'line' coverage: 6645
  New 'line' coverage: 6647
  New 'line' coverage: 665
  New 'line' coverage: 666
  New 'line' coverage: 669
  New 'line' coverage: 6705
  New 'line' coverage: 6706
  New 'line' coverage: 6708
  New 'line' coverage: 6734
  New 'line' coverage: 6744
  New 'line' coverage: 6746
  New 'line' coverage: 6753
  New 'line' coverage: 6754
  New 'line' coverage: 6755
  New 'line' coverage: 6756
  New 'line' coverage: 6757
  New 'line' coverage: 6758
  New 'line' coverage: 6759
  New 'line' coverage: 6760
  New 'line' coverage: 6761
  New 'line' coverage: 6763
  New 'line' coverage: 6765
  New 'line' coverage: 6774
  New 'line' coverage: 6775
  New 'line' coverage: 6778
  New 'line' coverage: 6779
  New 'line' coverage: 6951
  New 'line' coverage: 6953
  New 'line' coverage: 6955
  New 'line' coverage: 7236
  New 'line' coverage: 7237
  New 'line' coverage: 7239
  New 'line' coverage: 7245
  New 'line' coverage: 7247
  New 'line' coverage: 7248
  New 'line' coverage: 7252
  New 'line' coverage: 7253
  New 'line' coverage: 7258
  New 'line' coverage: 7260
  New 'line' coverage: 7261
  New 'line' coverage: 7299
  New 'line' coverage: 7303
  New 'line' coverage: 756
  New 'line' coverage: 758
  New 'line' coverage: 759
  New 'line' coverage: 8138
  New 'line' coverage: 8141
  New 'line' coverage: 8145
  New 'line' coverage: 8147
  New 'line' coverage: 8148
  New 'line' coverage: 896
  New 'line' coverage: 906
  New 'line' coverage: 910
  New 'line' coverage: 911
  New 'line' coverage: 912
  New 'line' coverage: 913
  New 'line' coverage: 915
  New 'line' coverage: 917
  New 'line' coverage: 920
  New 'line' coverage: 9224
  New 'line' coverage: 9227
  New 'line' coverage: 9232
  New 'line' coverage: 9234
  New 'line' coverage: 9236
  New 'line' coverage: 9237
  New 'line' coverage: 9238
  New 'line' coverage: 9240
  New 'line' coverage: 9241
  New 'line' coverage: 9242
  New 'line' coverage: 9250
  New 'line' coverage: 9251
  New 'line' coverage: 927
  New 'line' coverage: 929
  New 'line' coverage: 930
  New 'line' coverage: 931
  New 'line' coverage: 9331
  New 'line' coverage: 934
  New 'line' coverage: 9565
  New 'line' coverage: 9571
  New 'line' coverage: 9572
  New 'line' coverage: 9573
  New 'line' coverage: 9574
  New 'line' coverage: 9706
  New 'line' coverage: 9708
  New 'line' coverage: 9709
  New 'line' coverage: 989
  New 'line' coverage: 990
  New 'line' coverage: 991
Src file: /home/zt/copy/binutils_fuzz_output/include/elf/arc-reloc.def
  New 'line' coverage: 39
Src file: /home/zt/copy/binutils_fuzz_output/include/elf/riscv.h
  New 'function' coverage: elf_riscv_reloc_type()
  New 'line' coverage: 33
  New 'line' coverage: 36
Src file: /home/zt/copy/binutils_fuzz_output/include/elf/i860.h
  New 'function' coverage: elf_i860_reloc_type()
  New 'line' coverage: 29
  New 'line' coverage: 31
Src file: /home/zt/copy/binutils_fuzz_output/include/elf/i386.h
  New 'function' coverage: elf_i386_reloc_type()
  New 'line' coverage: 25
  New 'line' coverage: 26
  New 'line' coverage: 27
  New 'line' coverage: 28
  New 'line' coverage: 29
  New 'line' coverage: 30
  New 'line' coverage: 31
  New 'line' coverage: 32
  New 'line' coverage: 33
  New 'line' coverage: 34
  New 'line' coverage: 35
  New 'line' coverage: 37
  New 'line' coverage: 40
  New 'line' coverage: 42
  New 'line' coverage: 43
  New 'line' coverage: 46
  New 'line' coverage: 49
  New 'line' coverage: 50
  New 'line' coverage: 51
  New 'line' coverage: 57
  New 'line' coverage: 59
  New 'line' coverage: 61
  New 'line' coverage: 62
  New 'line' coverage: 66
  New 'line' coverage: 78
Src file: /home/zt/copy/binutils_fuzz_output/include/elf/arc.h
  New 'function' coverage: elf_arc_reloc_type()
  New 'line' coverage: 34

[-] No new AFL test cases, sleeping for 60 seconds
[-] No new AFL test cases, sleeping for 60 seconds
[-] No new AFL test cases, sleeping for 60 seconds
[-] No new AFL test cases, sleeping for 60 seconds
[-] No new AFL test cases, sleeping for 60 seconds
[-] No new AFL test cases, sleeping for 60 seconds
[-] No new AFL test cases, sleeping for 60 seconds
[-] No new AFL test cases, sleeping for 60 seconds
[-] No new AFL test cases, sleeping for 60 seconds
[-] No new AFL test cases, sleeping for 60 seconds
[-] No new AFL test cases, sleeping for 60 seconds
[-] No new AFL test cases, sleeping for 60 seconds
[-] No new AFL test cases, sleeping for 60 seconds
[-] No new AFL test cases, sleeping for 60 seconds
[-] No new AFL test cases, sleeping for 60 seconds
[-] No new AFL test cases, sleeping for 60 seconds
[-] No new AFL test cases, sleeping for 60 seconds
[-] No new AFL test cases, sleeping for 60 seconds
[-] No new AFL test cases, sleeping for 60 seconds
[-] No new AFL test cases, sleeping for 60 seconds
[-] No new AFL test cases, sleeping for 60 seconds
[-] No new AFL test cases, sleeping for 60 seconds
[-] No new AFL test cases, sleeping for 60 seconds
[-] No new AFL test cases, sleeping for 60 seconds
[-] No new AFL test cases, sleeping for 60 seconds
[-] No new AFL test cases, sleeping for 60 seconds
[-] No new AFL test cases, sleeping for 60 seconds
[-] No new AFL test cases, sleeping for 60 seconds
[-] No new AFL test cases, sleeping for 60 seconds
[-] No new AFL test cases, sleeping for 60 seconds
[-] No new AFL test cases, sleeping for 60 seconds
[-] No new AFL test cases, sleeping for 60 seconds
[-] No new AFL test cases, sleeping for 60 seconds
[-] No new AFL test cases, sleeping for 60 seconds
[-] No new AFL test cases, sleeping for 60 seconds
[-] No new AFL test cases, sleeping for 60 seconds
[-] No new AFL test cases, sleeping for 60 seconds
[-] No new AFL test cases, sleeping for 60 seconds
[-] No new AFL test cases, sleeping for 60 seconds
[-] No new AFL test cases, sleeping for 60 seconds
[-] No new AFL test cases, sleeping for 60 seconds
[-] No new AFL test cases, sleeping for 60 seconds
[-] No new AFL test cases, sleeping for 60 seconds
[-] No new AFL test cases, sleeping for 60 seconds
[-] No new AFL test cases, sleeping for 60 seconds
[-] No new AFL test cases, sleeping for 60 seconds
[-] No new AFL test cases, sleeping for 60 seconds
[-] No new AFL test cases, sleeping for 60 seconds
[-] No new AFL test cases, sleeping for 60 seconds
[-] No new AFL test cases, sleeping for 60 seconds
[-] No new AFL test cases, sleeping for 60 seconds
[-] No new AFL test cases, sleeping for 60 seconds
[-] No new AFL test cases, sleeping for 60 seconds
[-] No new AFL test cases, sleeping for 60 seconds
[-] No new AFL test cases, sleeping for 60 seconds
[-] No new AFL test cases, sleeping for 60 seconds
[-] No new AFL test cases, sleeping for 60 seconds
[-] No new AFL test cases, sleeping for 60 seconds
[-] No new AFL test cases, sleeping for 60 seconds
[-] No new AFL test cases, sleeping for 60 seconds
[-] No new AFL test cases, sleeping for 60 seconds
[+] afl-fuzz appears to be stopped...
[+] Processed 6 / 6 test cases.

[+] Final zero coverage report: ./afl_out/cov/zero-cov
[+] Final positive coverage report: ./afl_out/cov/pos-cov
    lines......: 8.2% (2892 of 35340 lines)
    functions..: 13.0% (139 of 1067 functions)
[+] Final lcov web report: ./afl_out/cov/web/index.html
