
*** Imported 30 new test cases from: ./afl_out/queue

[+] AFL test case: id:000000,orig:1 (0 / 30), cycle: 0
    Non-zero exit status '3' for CMD: ./binutils/size  ./afl_out/queue/id:000000,orig:1
./binutils/size: ./afl_out/queue/id:000000,orig:1: file format not recognized
    lines......: 0.2% (71 of 35340 lines)
    functions..: 0.7% (8 of 1067 functions)

    Coverage diff (init) id:000000,orig:1
diff (init) -> id:000000,orig:1
New src file: /home/zt/copy/binutils_fuzz_output/binutils/size.c
  New 'function' coverage: display_bfd()
  New 'function' coverage: display_file()
  New 'function' coverage: main()
  New 'function' coverage: usage()
  New 'line' coverage: 120
  New 'line' coverage: 126
  New 'line' coverage: 129
  New 'line' coverage: 131
  New 'line' coverage: 132
  New 'line' coverage: 134
  New 'line' coverage: 135
  New 'line' coverage: 136
  New 'line' coverage: 138
  New 'line' coverage: 140
  New 'line' coverage: 142
  New 'line' coverage: 144
  New 'line' coverage: 146
  New 'line' coverage: 226
  New 'line' coverage: 229
  New 'line' coverage: 232
  New 'line' coverage: 234
  New 'line' coverage: 237
  New 'line' coverage: 240
  New 'line' coverage: 241
  New 'line' coverage: 243
  New 'line' coverage: 257
  New 'line' coverage: 296
  New 'line' coverage: 300
  New 'line' coverage: 304
  New 'line' coverage: 311
  New 'line' coverage: 320
  New 'line' coverage: 335
  New 'line' coverage: 337
  New 'line' coverage: 343
  New 'line' coverage: 386
  New 'line' coverage: 390
  New 'line' coverage: 396
  New 'line' coverage: 397
  New 'line' coverage: 404
  New 'line' coverage: 407
  New 'line' coverage: 409
  New 'line' coverage: 74
  New 'line' coverage: 76
  New 'line' coverage: 77
  New 'line' coverage: 78
  New 'line' coverage: 79
  New 'line' coverage: 95
  New 'line' coverage: 96
  New 'line' coverage: 98
New src file: /home/zt/copy/binutils_fuzz_output/binutils/bucomm.c
  New 'function' coverage: bfd_nonfatal()
  New 'function' coverage: get_file_size()
  New 'function' coverage: list_supported_targets()
  New 'function' coverage: set_default_bfd_target()
  New 'line' coverage: 150
  New 'line' coverage: 153
  New 'line' coverage: 155
  New 'line' coverage: 158
  New 'line' coverage: 177
  New 'line' coverage: 182
  New 'line' coverage: 185
  New 'line' coverage: 187
  New 'line' coverage: 188
  New 'line' coverage: 189
  New 'line' coverage: 190
  New 'line' coverage: 191
  New 'line' coverage: 192
  New 'line' coverage: 44
  New 'line' coverage: 48
  New 'line' coverage: 49
  New 'line' coverage: 50
  New 'line' coverage: 51
  New 'line' coverage: 54
  New 'line' coverage: 596
  New 'line' coverage: 600
  New 'line' coverage: 603
  New 'line' coverage: 611
  New 'line' coverage: 613
  New 'line' coverage: 615
  New 'line' coverage: 619



++++++ BEGIN - first exec output for CMD: ./binutils/size  ./afl_out/queue/id:000000,orig:1
    ./binutils/size: ./afl_out/queue/id:000000,orig:1: file format not recognized
++++++ END

[+] AFL test case: id:000001,orig:arparse.o (1 / 30), cycle: 0
    lines......: 0.2% (71 of 35340 lines)
    functions..: 0.7% (8 of 1067 functions)
[+] AFL test case: id:000002,orig:binemul.o (2 / 30), cycle: 0
    lines......: 0.2% (71 of 35340 lines)
    functions..: 0.7% (8 of 1067 functions)
[+] AFL test case: id:000003,orig:copy_dates.sh (3 / 30), cycle: 0
    lines......: 0.2% (71 of 35340 lines)
    functions..: 0.7% (8 of 1067 functions)
[+] AFL test case: id:000004,orig:cxxfilt.o (4 / 30), cycle: 0
    lines......: 0.3% (114 of 35340 lines)
    functions..: 1.1% (12 of 1067 functions)

    Coverage diff id:000003,orig:copy_dates.sh id:000004,orig:cxxfilt.o
diff id:000003,orig:copy_dates.sh -> id:000004,orig:cxxfilt.o
Src file: /home/zt/copy/binutils_fuzz_output/binutils/size.c
  New 'function' coverage: berkeley_sum()
  New 'function' coverage: print_berkeley_format()
  New 'function' coverage: print_sizes()
  New 'function' coverage: rprint_number()
  New 'line' coverage: 302
  New 'line' coverage: 306
  New 'line' coverage: 307
  New 'line' coverage: 308
  New 'line' coverage: 431
  New 'line' coverage: 435
  New 'line' coverage: 436
  New 'line' coverage: 440
  New 'line' coverage: 441
  New 'line' coverage: 448
  New 'line' coverage: 454
  New 'line' coverage: 455
  New 'line' coverage: 456
  New 'line' coverage: 458
  New 'line' coverage: 459
  New 'line' coverage: 460
  New 'line' coverage: 461
  New 'line' coverage: 462
  New 'line' coverage: 464
  New 'line' coverage: 468
  New 'line' coverage: 473
  New 'line' coverage: 474
  New 'line' coverage: 475
  New 'line' coverage: 477
  New 'line' coverage: 479
  New 'line' coverage: 480
  New 'line' coverage: 481
  New 'line' coverage: 484
  New 'line' coverage: 486
  New 'line' coverage: 493
  New 'line' coverage: 494
  New 'line' coverage: 495
  New 'line' coverage: 496
  New 'line' coverage: 497
  New 'line' coverage: 498
  New 'line' coverage: 501
  New 'line' coverage: 503
  New 'line' coverage: 505
  New 'line' coverage: 610
  New 'line' coverage: 612
  New 'line' coverage: 614
  New 'line' coverage: 615
  New 'line' coverage: 618

[+] AFL test case: id:000005,orig:elfcomm.o (5 / 30), cycle: 0
    lines......: 0.3% (114 of 35340 lines)
    functions..: 1.1% (12 of 1067 functions)
[+] AFL test case: id:000006,orig:file-fpu-exception.elf (6 / 30), cycle: 0
    lines......: 0.3% (114 of 35340 lines)
    functions..: 1.1% (12 of 1067 functions)
[+] AFL test case: id:000007,orig:gendesc (7 / 30), cycle: 0
    lines......: 0.3% (114 of 35340 lines)
    functions..: 1.1% (12 of 1067 functions)
[+] AFL test case: id:000008,orig:genhtml (8 / 30), cycle: 0
    lines......: 0.3% (114 of 35340 lines)
    functions..: 1.1% (12 of 1067 functions)
[+] AFL test case: id:000009,orig:geninfo (9 / 30), cycle: 0
    lines......: 0.3% (114 of 35340 lines)
    functions..: 1.1% (12 of 1067 functions)
[+] AFL test case: id:000010,orig:genpng (10 / 30), cycle: 0
    lines......: 0.3% (114 of 35340 lines)
    functions..: 1.1% (12 of 1067 functions)
[+] AFL test case: id:000011,orig:get_changes.sh (11 / 30), cycle: 0
    lines......: 0.3% (114 of 35340 lines)
    functions..: 1.1% (12 of 1067 functions)
[+] AFL test case: id:000012,orig:get_version.sh (12 / 30), cycle: 0
    lines......: 0.3% (114 of 35340 lines)
    functions..: 1.1% (12 of 1067 functions)
[+] AFL test case: id:000013,orig:hash.o (13 / 30), cycle: 0
    lines......: 0.3% (114 of 35340 lines)
    functions..: 1.1% (12 of 1067 functions)
[+] AFL test case: id:000014,orig:small_exec.elf (14 / 30), cycle: 0
    lines......: 0.3% (114 of 35340 lines)
    functions..: 1.1% (12 of 1067 functions)
[+] AFL test case: id:000015,orig:ihex.o (15 / 30), cycle: 0
    lines......: 0.3% (114 of 35340 lines)
    functions..: 1.1% (12 of 1067 functions)
[+] AFL test case: id:000016,orig:init.o (16 / 30), cycle: 0
    lines......: 0.3% (114 of 35340 lines)
    functions..: 1.1% (12 of 1067 functions)
[+] AFL test case: id:000017,orig:install.sh (17 / 30), cycle: 0
    lines......: 0.3% (114 of 35340 lines)
    functions..: 1.1% (12 of 1067 functions)
[+] AFL test case: id:000018,orig:lcov (18 / 30), cycle: 0
    lines......: 0.3% (114 of 35340 lines)
    functions..: 1.1% (12 of 1067 functions)
[+] AFL test case: id:000019,orig:main.c (19 / 30), cycle: 0
    lines......: 0.3% (114 of 35340 lines)
    functions..: 1.1% (12 of 1067 functions)
[+] AFL test case: id:000020,orig:small_exec.elf (20 / 30), cycle: 0
    lines......: 0.3% (114 of 35340 lines)
    functions..: 1.1% (12 of 1067 functions)
[+] AFL test case: id:000021,orig:srec.o (21 / 30), cycle: 0
    lines......: 0.3% (114 of 35340 lines)
    functions..: 1.1% (12 of 1067 functions)
[+] AFL test case: id:000022,orig:strings-bfd-badptr.elf (22 / 30), cycle: 0
    lines......: 0.3% (114 of 35340 lines)
    functions..: 1.1% (12 of 1067 functions)
[+] AFL test case: id:000023,orig:strings-bfd-badptr2.elf (23 / 30), cycle: 0
    lines......: 0.3% (114 of 35340 lines)
    functions..: 1.1% (12 of 1067 functions)
[+] AFL test case: id:000024,orig:strings-unchecked-ctr.elf (24 / 30), cycle: 0
    lines......: 0.3% (114 of 35340 lines)
    functions..: 1.1% (12 of 1067 functions)
[+] AFL test case: id:000025,orig:syms.o (25 / 30), cycle: 0
    lines......: 0.3% (114 of 35340 lines)
    functions..: 1.1% (12 of 1067 functions)
[+] AFL test case: id:000026,orig:targets.o (26 / 30), cycle: 0
    lines......: 0.3% (114 of 35340 lines)
    functions..: 1.1% (12 of 1067 functions)
[+] AFL test case: id:000027,orig:test (27 / 30), cycle: 0
    lines......: 0.3% (114 of 35340 lines)
    functions..: 1.1% (12 of 1067 functions)
[+] AFL test case: id:000028,orig:test.c (28 / 30), cycle: 0
    lines......: 0.3% (114 of 35340 lines)
    functions..: 1.1% (12 of 1067 functions)
[+] AFL test case: id:000029,orig:updateversion.pl (29 / 30), cycle: 0
    lines......: 0.3% (114 of 35340 lines)
    functions..: 1.1% (12 of 1067 functions)
[-] No new AFL test cases, sleeping for 60 seconds
[-] No new AFL test cases, sleeping for 60 seconds
[-] No new AFL test cases, sleeping for 60 seconds
[-] No new AFL test cases, sleeping for 60 seconds
[-] No new AFL test cases, sleeping for 60 seconds
[-] No new AFL test cases, sleeping for 60 seconds
[-] No new AFL test cases, sleeping for 60 seconds
[-] No new AFL test cases, sleeping for 60 seconds
[-] No new AFL test cases, sleeping for 60 seconds
[-] No new AFL test cases, sleeping for 60 seconds
[-] No new AFL test cases, sleeping for 60 seconds
[-] No new AFL test cases, sleeping for 60 seconds
[-] No new AFL test cases, sleeping for 60 seconds
[-] No new AFL test cases, sleeping for 60 seconds
[-] No new AFL test cases, sleeping for 60 seconds
[-] No new AFL test cases, sleeping for 60 seconds
[-] No new AFL test cases, sleeping for 60 seconds
[-] No new AFL test cases, sleeping for 60 seconds
[-] No new AFL test cases, sleeping for 60 seconds
[-] No new AFL test cases, sleeping for 60 seconds
[-] No new AFL test cases, sleeping for 60 seconds
[-] No new AFL test cases, sleeping for 60 seconds
[-] No new AFL test cases, sleeping for 60 seconds
[-] No new AFL test cases, sleeping for 60 seconds
[-] No new AFL test cases, sleeping for 60 seconds
[-] No new AFL test cases, sleeping for 60 seconds
[-] No new AFL test cases, sleeping for 60 seconds
[-] No new AFL test cases, sleeping for 60 seconds
[-] No new AFL test cases, sleeping for 60 seconds
[-] No new AFL test cases, sleeping for 60 seconds
[-] No new AFL test cases, sleeping for 60 seconds
[-] No new AFL test cases, sleeping for 60 seconds
[-] No new AFL test cases, sleeping for 60 seconds
[-] No new AFL test cases, sleeping for 60 seconds
[-] No new AFL test cases, sleeping for 60 seconds
[-] No new AFL test cases, sleeping for 60 seconds
[-] No new AFL test cases, sleeping for 60 seconds
[-] No new AFL test cases, sleeping for 60 seconds
[-] No new AFL test cases, sleeping for 60 seconds
[-] No new AFL test cases, sleeping for 60 seconds
[-] No new AFL test cases, sleeping for 60 seconds
[-] No new AFL test cases, sleeping for 60 seconds
[-] No new AFL test cases, sleeping for 60 seconds
[-] No new AFL test cases, sleeping for 60 seconds
[-] No new AFL test cases, sleeping for 60 seconds
[-] No new AFL test cases, sleeping for 60 seconds
[-] No new AFL test cases, sleeping for 60 seconds
[-] No new AFL test cases, sleeping for 60 seconds
[-] No new AFL test cases, sleeping for 60 seconds
[-] No new AFL test cases, sleeping for 60 seconds
[-] No new AFL test cases, sleeping for 60 seconds
[-] No new AFL test cases, sleeping for 60 seconds
[-] No new AFL test cases, sleeping for 60 seconds
[-] No new AFL test cases, sleeping for 60 seconds
[-] No new AFL test cases, sleeping for 60 seconds
[-] No new AFL test cases, sleeping for 60 seconds
[-] No new AFL test cases, sleeping for 60 seconds
[-] No new AFL test cases, sleeping for 60 seconds
[-] No new AFL test cases, sleeping for 60 seconds
[-] No new AFL test cases, sleeping for 60 seconds
[-] No new AFL test cases, sleeping for 60 seconds
[-] No new AFL test cases, sleeping for 60 seconds
[-] No new AFL test cases, sleeping for 60 seconds
[-] No new AFL test cases, sleeping for 60 seconds
[-] No new AFL test cases, sleeping for 60 seconds
[-] No new AFL test cases, sleeping for 60 seconds
[-] No new AFL test cases, sleeping for 60 seconds
[-] No new AFL test cases, sleeping for 60 seconds
[-] No new AFL test cases, sleeping for 60 seconds
[-] No new AFL test cases, sleeping for 60 seconds
[-] No new AFL test cases, sleeping for 60 seconds
[-] No new AFL test cases, sleeping for 60 seconds
[-] No new AFL test cases, sleeping for 60 seconds
[-] No new AFL test cases, sleeping for 60 seconds
[-] No new AFL test cases, sleeping for 60 seconds
[-] No new AFL test cases, sleeping for 60 seconds
[-] No new AFL test cases, sleeping for 60 seconds
[-] No new AFL test cases, sleeping for 60 seconds
[-] No new AFL test cases, sleeping for 60 seconds
[-] No new AFL test cases, sleeping for 60 seconds
[-] No new AFL test cases, sleeping for 60 seconds
[-] No new AFL test cases, sleeping for 60 seconds
[-] No new AFL test cases, sleeping for 60 seconds
[-] No new AFL test cases, sleeping for 60 seconds
[-] No new AFL test cases, sleeping for 60 seconds
[-] No new AFL test cases, sleeping for 60 seconds
[-] No new AFL test cases, sleeping for 60 seconds
[-] No new AFL test cases, sleeping for 60 seconds
[-] No new AFL test cases, sleeping for 60 seconds
[-] No new AFL test cases, sleeping for 60 seconds
[-] No new AFL test cases, sleeping for 60 seconds
[-] No new AFL test cases, sleeping for 60 seconds
[-] No new AFL test cases, sleeping for 60 seconds
[-] No new AFL test cases, sleeping for 60 seconds
[-] No new AFL test cases, sleeping for 60 seconds
[-] No new AFL test cases, sleeping for 60 seconds
[-] No new AFL test cases, sleeping for 60 seconds
[+] afl-fuzz appears to be stopped...
[+] Processed 30 / 30 test cases.

[+] Final zero coverage report: ./afl_out/cov/zero-cov
[+] Final positive coverage report: ./afl_out/cov/pos-cov
    lines......: 0.3% (114 of 35340 lines)
    functions..: 1.1% (12 of 1067 functions)
[+] Final lcov web report: ./afl_out/cov/web/index.html
